2020-01-28 12:44:52.050  INFO 7932 --- [main] b.c.c.a.s.SaraAtendimentoApplication     : The following profiles are active: local
2020-01-28 12:44:53.633  INFO 7932 --- [main] .s.d.r.c.RepositoryConfigurationDelegate : Multiple Spring Data modules found, entering strict repository configuration mode!
2020-01-28 12:44:53.635  INFO 7932 --- [main] .s.d.r.c.RepositoryConfigurationDelegate : Bootstrapping Spring Data repositories in DEFAULT mode.
2020-01-28 12:44:53.745  INFO 7932 --- [main] .s.d.r.c.RepositoryConfigurationDelegate : Finished Spring Data repository scanning in 91ms. Found 1 repository interfaces.
2020-01-28 12:44:53.764  INFO 7932 --- [main] .s.d.r.c.RepositoryConfigurationDelegate : Multiple Spring Data modules found, entering strict repository configuration mode!
2020-01-28 12:44:53.770  INFO 7932 --- [main] .s.d.r.c.RepositoryConfigurationDelegate : Bootstrapping Spring Data repositories in DEFAULT mode.
2020-01-28 12:44:53.800  INFO 7932 --- [main] .RepositoryConfigurationExtensionSupport : Spring Data Redis - Could not safely identify store assignment for repository candidate interface br.com.correios.api.sara_atendimento.repository.AtendimentoRepository. If you want this repository to be a Redis repository, consider annotating your entities with one of these annotations: org.springframework.data.redis.core.RedisHash (preferred), or consider extending one of the following types with your repository: org.springframework.data.keyvalue.repository.KeyValueRepository.
2020-01-28 12:44:53.800  INFO 7932 --- [main] .s.d.r.c.RepositoryConfigurationDelegate : Finished Spring Data repository scanning in 20ms. Found 0 repository interfaces.
2020-01-28 12:44:54.250  INFO 7932 --- [main] o.s.cloud.context.scope.GenericScope     : BeanFactory id=f09654f5-852e-35f6-a211-79e098257c45
2020-01-28 12:44:54.476  INFO 7932 --- [main] trationDelegate$BeanPostProcessorChecker : Bean 'org.springframework.transaction.annotation.ProxyTransactionManagementConfiguration' of type [org.springframework.transaction.annotation.ProxyTransactionManagementConfiguration] is not eligible for getting processed by all BeanPostProcessors (for example: not eligible for auto-proxying)
2020-01-28 12:44:54.547  INFO 7932 --- [main] trationDelegate$BeanPostProcessorChecker : Bean 'org.springframework.cloud.autoconfigure.ConfigurationPropertiesRebinderAutoConfiguration' of type [org.springframework.cloud.autoconfigure.ConfigurationPropertiesRebinderAutoConfiguration] is not eligible for getting processed by all BeanPostProcessors (for example: not eligible for auto-proxying)
2020-01-28 12:44:54.817  WARN 7932 --- [main] io.undertow.websockets.jsr               : UT026010: Buffer pool was not set on WebSocketDeploymentInfo, the default pool will be used
2020-01-28 12:44:54.852  INFO 7932 --- [main] io.undertow.servlet                      : Initializing Spring embedded WebApplicationContext
2020-01-28 12:44:54.856  INFO 7932 --- [main] o.s.web.context.ContextLoader            : Root WebApplicationContext: initialization completed in 2756 ms
2020-01-28 12:44:54.995  WARN 7932 --- [main] c.n.c.sources.URLConfigurationSource     : No URLs will be polled as dynamic configuration sources.
2020-01-28 12:44:54.996  INFO 7932 --- [main] c.n.c.sources.URLConfigurationSource     : To enable URLs as dynamic configuration sources, define System property archaius.configurationSource.additionalUrls or make config.properties available on classpath.
2020-01-28 12:44:55.016  INFO 7932 --- [main] c.netflix.config.DynamicPropertyFactory  : DynamicPropertyFactory is initialized with configuration sources: com.netflix.config.ConcurrentCompositeConfiguration@55951fcd
2020-01-28 12:44:55.763  INFO 7932 --- [main] b.c.c.api.gcssynch.GcsConfiguration      : Version: VersaoApi [versionApiCommons=2.2.1.10, versionSpringBoot=2.2.1.RELEASE]
2020-01-28 12:44:56.151  INFO 7932 --- [main] com.zaxxer.hikari.HikariDataSource       : HikariPool-1 - Starting...
2020-01-28 12:44:57.040  INFO 7932 --- [main] com.zaxxer.hikari.HikariDataSource       : HikariPool-1 - Start completed.
2020-01-28 12:44:57.106  INFO 7932 --- [main] o.hibernate.jpa.internal.util.LogHelper  : HHH000204: Processing PersistenceUnitInfo [name: default]
2020-01-28 12:44:57.198  INFO 7932 --- [main] org.hibernate.Version                    : HHH000412: Hibernate Core {5.4.8.Final}
2020-01-28 12:44:57.392  INFO 7932 --- [main] o.hibernate.annotations.common.Version   : HCANN000001: Hibernate Commons Annotations {5.1.0.Final}
2020-01-28 12:44:57.596  INFO 7932 --- [main] org.hibernate.dialect.Dialect            : HHH000400: Using dialect: org.hibernate.dialect.Oracle10gDialect
2020-01-28 12:45:04.367  INFO 7932 --- [main] o.h.e.t.j.p.i.JtaPlatformInitiator       : HHH000490: Using JtaPlatform implementation: [org.hibernate.engine.transaction.jta.platform.internal.NoJtaPlatform]
2020-01-28 12:45:04.382  INFO 7932 --- [main] j.LocalContainerEntityManagerFactoryBean : Initialized JPA EntityManagerFactory for persistence unit 'default'
2020-01-28 12:45:04.391  INFO 7932 --- [main] b.c.c.api.gcssynch.GcsConfiguration      : iniciando configuração apiConfig...
2020-01-28 12:45:04.398  INFO 7932 --- [main] br.com.correios.api.gcssynch.ApiConfig   : O ambiente de syncronização da API: DESENVOLVIMENTO
2020-01-28 12:45:04.419  INFO 7932 --- [main] b.c.c.api.gcssynch.GcsConfiguration      : configuração apiConfig: ApiConfig(id=0, serviceId=saraapi, nome=sara-atendimento, versao=1.0.1, paths=[/**], credencial=true, ambientePublicacao=LOCAL, ambienteSincronizacao=DESENVOLVIMENTO, emails=null, tokenObj=null, enviaEmail=false, retornaStacktrace=true)
2020-01-28 12:45:04.523  INFO 7932 --- [main] b.c.c.api.gcssynch.gcs.SynchonizedGcs    : ApiConfig(id=0, serviceId=saraapi, nome=sara-atendimento, versao=1.0.1, paths=[/**], credencial=true, ambientePublicacao=LOCAL, ambienteSincronizacao=DESENVOLVIMENTO, emails=null, tokenObj=null, enviaEmail=false, retornaStacktrace=true)
2020-01-28 12:45:04.527  INFO 7932 --- [main] b.c.c.api.gcssynch.gcs.SynchonizedGcs    : O ambiente de publicação da API: LOCAL
2020-01-28 12:45:04.528  WARN 7932 --- [main] b.c.c.api.gcssynch.gcs.SynchonizedGcs    : 


ATENÇÃO: API com código 0 (zero) só funcionará parcialmente nas estações de trabalho local. Quando for publicar nos ambientes corporativos solicitar o código no sistema GCS.n



2020-01-28 12:45:05.844  WARN 7932 --- [main] c.n.c.sources.URLConfigurationSource     : No URLs will be polled as dynamic configuration sources.
2020-01-28 12:45:05.848  INFO 7932 --- [main] c.n.c.sources.URLConfigurationSource     : To enable URLs as dynamic configuration sources, define System property archaius.configurationSource.additionalUrls or make config.properties available on classpath.
2020-01-28 12:45:05.911  WARN 7932 --- [main] JpaBaseConfiguration$JpaWebConfiguration : spring.jpa.open-in-view is enabled by default. Therefore, database queries may be performed during view rendering. Explicitly configure spring.jpa.open-in-view to disable this warning
2020-01-28 12:45:06.444  INFO 7932 --- [main] o.s.s.concurrent.ThreadPoolTaskExecutor  : Initializing ExecutorService 'applicationTaskExecutor'
2020-01-28 12:45:06.626  WARN 7932 --- [main] ion$DefaultTemplateResolverConfiguration : Cannot find template location: classpath:/templates/ (please add some templates or check your Thymeleaf configuration)
2020-01-28 12:45:07.174  WARN 7932 --- [main] ConfigServletWebServerApplicationContext : Exception encountered during context initialization - cancelling refresh attempt: org.springframework.beans.factory.UnsatisfiedDependencyException: Error creating bean with name 'linkDiscoverers' defined in class path resource [org/springframework/hateoas/config/HateoasConfiguration.class]: Unsatisfied dependency expressed through method 'linkDiscoverers' parameter 0; nested exception is org.springframework.beans.factory.NoUniqueBeanDefinitionException: No qualifying bean of type 'org.springframework.plugin.core.PluginRegistry<org.springframework.hateoas.client.LinkDiscoverer, org.springframework.http.MediaType>' available: expected single matching bean but found 3: relProviderPluginRegistry,linkDiscovererRegistry,entityLinksPluginRegistry
2020-01-28 12:45:07.181  INFO 7932 --- [main] o.s.s.concurrent.ThreadPoolTaskExecutor  : Shutting down ExecutorService 'applicationTaskExecutor'
2020-01-28 12:45:07.188  INFO 7932 --- [main] j.LocalContainerEntityManagerFactoryBean : Closing JPA EntityManagerFactory for persistence unit 'default'
2020-01-28 12:45:07.204  INFO 7932 --- [main] com.zaxxer.hikari.HikariDataSource       : HikariPool-1 - Shutdown initiated...
2020-01-28 12:45:07.565  INFO 7932 --- [main] com.zaxxer.hikari.HikariDataSource       : HikariPool-1 - Shutdown completed.
2020-01-28 12:45:07.584  INFO 7932 --- [main] ConditionEvaluationReportLoggingListener : 

Error starting ApplicationContext. To display the conditions report re-run your application with 'debug' enabled.
2020-01-28 12:45:07.592 ERROR 7932 --- [main] o.s.b.d.LoggingFailureAnalysisReporter   : 

***************************
APPLICATION FAILED TO START
***************************

Description:

Parameter 0 of method linkDiscoverers in org.springframework.hateoas.config.HateoasConfiguration required a single bean, but 3 were found:
	- relProviderPluginRegistry: defined by method 'relProviderPluginRegistry' in class path resource [org/springframework/hateoas/config/HateoasConfiguration.class]
	- linkDiscovererRegistry: defined in null
	- entityLinksPluginRegistry: defined by method 'entityLinksPluginRegistry' in class path resource [org/springframework/hateoas/config/WebMvcEntityLinksConfiguration.class]


Action:

Consider marking one of the beans as @Primary, updating the consumer to accept multiple beans, or using @Qualifier to identify the bean that should be consumed

2020-01-28 12:48:29.493  INFO 8324 --- [main] b.c.c.a.s.SaraAtendimentoApplication     : The following profiles are active: local
2020-01-28 12:48:30.900  INFO 8324 --- [main] .s.d.r.c.RepositoryConfigurationDelegate : Multiple Spring Data modules found, entering strict repository configuration mode!
2020-01-28 12:48:30.906  INFO 8324 --- [main] .s.d.r.c.RepositoryConfigurationDelegate : Bootstrapping Spring Data repositories in DEFAULT mode.
2020-01-28 12:48:31.005  INFO 8324 --- [main] .s.d.r.c.RepositoryConfigurationDelegate : Finished Spring Data repository scanning in 88ms. Found 1 repository interfaces.
2020-01-28 12:48:31.021  INFO 8324 --- [main] .s.d.r.c.RepositoryConfigurationDelegate : Multiple Spring Data modules found, entering strict repository configuration mode!
2020-01-28 12:48:31.023  INFO 8324 --- [main] .s.d.r.c.RepositoryConfigurationDelegate : Bootstrapping Spring Data repositories in DEFAULT mode.
2020-01-28 12:48:31.051  INFO 8324 --- [main] .RepositoryConfigurationExtensionSupport : Spring Data Redis - Could not safely identify store assignment for repository candidate interface br.com.correios.api.sara_atendimento.repository.AtendimentoRepository. If you want this repository to be a Redis repository, consider annotating your entities with one of these annotations: org.springframework.data.redis.core.RedisHash (preferred), or consider extending one of the following types with your repository: org.springframework.data.keyvalue.repository.KeyValueRepository.
2020-01-28 12:48:31.052  INFO 8324 --- [main] .s.d.r.c.RepositoryConfigurationDelegate : Finished Spring Data repository scanning in 17ms. Found 0 repository interfaces.
2020-01-28 12:48:31.452  INFO 8324 --- [main] o.s.cloud.context.scope.GenericScope     : BeanFactory id=f09654f5-852e-35f6-a211-79e098257c45
2020-01-28 12:48:31.734  INFO 8324 --- [main] trationDelegate$BeanPostProcessorChecker : Bean 'org.springframework.transaction.annotation.ProxyTransactionManagementConfiguration' of type [org.springframework.transaction.annotation.ProxyTransactionManagementConfiguration] is not eligible for getting processed by all BeanPostProcessors (for example: not eligible for auto-proxying)
2020-01-28 12:48:31.791  INFO 8324 --- [main] trationDelegate$BeanPostProcessorChecker : Bean 'org.springframework.cloud.autoconfigure.ConfigurationPropertiesRebinderAutoConfiguration' of type [org.springframework.cloud.autoconfigure.ConfigurationPropertiesRebinderAutoConfiguration] is not eligible for getting processed by all BeanPostProcessors (for example: not eligible for auto-proxying)
2020-01-28 12:48:32.071  WARN 8324 --- [main] io.undertow.websockets.jsr               : UT026010: Buffer pool was not set on WebSocketDeploymentInfo, the default pool will be used
2020-01-28 12:48:32.106  INFO 8324 --- [main] io.undertow.servlet                      : Initializing Spring embedded WebApplicationContext
2020-01-28 12:48:32.106  INFO 8324 --- [main] o.s.web.context.ContextLoader            : Root WebApplicationContext: initialization completed in 2580 ms
2020-01-28 12:48:32.242  WARN 8324 --- [main] c.n.c.sources.URLConfigurationSource     : No URLs will be polled as dynamic configuration sources.
2020-01-28 12:48:32.243  INFO 8324 --- [main] c.n.c.sources.URLConfigurationSource     : To enable URLs as dynamic configuration sources, define System property archaius.configurationSource.additionalUrls or make config.properties available on classpath.
2020-01-28 12:48:32.260  INFO 8324 --- [main] c.netflix.config.DynamicPropertyFactory  : DynamicPropertyFactory is initialized with configuration sources: com.netflix.config.ConcurrentCompositeConfiguration@3356ff58
2020-01-28 12:48:32.895  INFO 8324 --- [main] b.c.c.api.gcssynch.GcsConfiguration      : Version: VersaoApi [versionApiCommons=2.2.1.10, versionSpringBoot=2.2.1.RELEASE]
2020-01-28 12:48:33.292  INFO 8324 --- [main] com.zaxxer.hikari.HikariDataSource       : HikariPool-1 - Starting...
2020-01-28 12:48:34.221  INFO 8324 --- [main] com.zaxxer.hikari.HikariDataSource       : HikariPool-1 - Start completed.
2020-01-28 12:48:34.290  INFO 8324 --- [main] o.hibernate.jpa.internal.util.LogHelper  : HHH000204: Processing PersistenceUnitInfo [name: default]
2020-01-28 12:48:34.386  INFO 8324 --- [main] org.hibernate.Version                    : HHH000412: Hibernate Core {5.4.8.Final}
2020-01-28 12:48:34.534  INFO 8324 --- [main] o.hibernate.annotations.common.Version   : HCANN000001: Hibernate Commons Annotations {5.1.0.Final}
2020-01-28 12:48:34.666  INFO 8324 --- [main] org.hibernate.dialect.Dialect            : HHH000400: Using dialect: org.hibernate.dialect.Oracle10gDialect
2020-01-28 12:48:39.960  INFO 8324 --- [main] o.h.e.t.j.p.i.JtaPlatformInitiator       : HHH000490: Using JtaPlatform implementation: [org.hibernate.engine.transaction.jta.platform.internal.NoJtaPlatform]
2020-01-28 12:48:39.974  INFO 8324 --- [main] j.LocalContainerEntityManagerFactoryBean : Initialized JPA EntityManagerFactory for persistence unit 'default'
2020-01-28 12:48:39.984  INFO 8324 --- [main] b.c.c.api.gcssynch.GcsConfiguration      : iniciando configuração apiConfig...
2020-01-28 12:48:39.987  INFO 8324 --- [main] br.com.correios.api.gcssynch.ApiConfig   : O ambiente de syncronização da API: DESENVOLVIMENTO
2020-01-28 12:48:40.014  INFO 8324 --- [main] b.c.c.api.gcssynch.GcsConfiguration      : configuração apiConfig: ApiConfig(id=0, serviceId=saraapi, nome=sara-atendimento, versao=1.0.1, paths=[/**], credencial=true, ambientePublicacao=LOCAL, ambienteSincronizacao=DESENVOLVIMENTO, emails=null, tokenObj=null, enviaEmail=false, retornaStacktrace=true)
2020-01-28 12:48:40.120  INFO 8324 --- [main] b.c.c.api.gcssynch.gcs.SynchonizedGcs    : ApiConfig(id=0, serviceId=saraapi, nome=sara-atendimento, versao=1.0.1, paths=[/**], credencial=true, ambientePublicacao=LOCAL, ambienteSincronizacao=DESENVOLVIMENTO, emails=null, tokenObj=null, enviaEmail=false, retornaStacktrace=true)
2020-01-28 12:48:40.123  INFO 8324 --- [main] b.c.c.api.gcssynch.gcs.SynchonizedGcs    : O ambiente de publicação da API: LOCAL
2020-01-28 12:48:40.124  WARN 8324 --- [main] b.c.c.api.gcssynch.gcs.SynchonizedGcs    : 


ATENÇÃO: API com código 0 (zero) só funcionará parcialmente nas estações de trabalho local. Quando for publicar nos ambientes corporativos solicitar o código no sistema GCS.n



2020-01-28 12:48:40.647  WARN 8324 --- [main] c.n.c.sources.URLConfigurationSource     : No URLs will be polled as dynamic configuration sources.
2020-01-28 12:48:40.647  INFO 8324 --- [main] c.n.c.sources.URLConfigurationSource     : To enable URLs as dynamic configuration sources, define System property archaius.configurationSource.additionalUrls or make config.properties available on classpath.
2020-01-28 12:48:40.706  WARN 8324 --- [main] JpaBaseConfiguration$JpaWebConfiguration : spring.jpa.open-in-view is enabled by default. Therefore, database queries may be performed during view rendering. Explicitly configure spring.jpa.open-in-view to disable this warning
2020-01-28 12:48:41.263  INFO 8324 --- [main] o.s.s.concurrent.ThreadPoolTaskExecutor  : Initializing ExecutorService 'applicationTaskExecutor'
2020-01-28 12:48:41.465  WARN 8324 --- [main] ion$DefaultTemplateResolverConfiguration : Cannot find template location: classpath:/templates/ (please add some templates or check your Thymeleaf configuration)
2020-01-28 12:48:41.989  WARN 8324 --- [main] ConfigServletWebServerApplicationContext : Exception encountered during context initialization - cancelling refresh attempt: org.springframework.beans.factory.UnsatisfiedDependencyException: Error creating bean with name 'linkDiscoverers' defined in class path resource [org/springframework/hateoas/config/HateoasConfiguration.class]: Unsatisfied dependency expressed through method 'linkDiscoverers' parameter 0; nested exception is org.springframework.beans.factory.NoUniqueBeanDefinitionException: No qualifying bean of type 'org.springframework.plugin.core.PluginRegistry<org.springframework.hateoas.client.LinkDiscoverer, org.springframework.http.MediaType>' available: expected single matching bean but found 3: relProviderPluginRegistry,linkDiscovererRegistry,entityLinksPluginRegistry
2020-01-28 12:48:41.990  INFO 8324 --- [main] o.s.s.concurrent.ThreadPoolTaskExecutor  : Shutting down ExecutorService 'applicationTaskExecutor'
2020-01-28 12:48:41.994  INFO 8324 --- [main] j.LocalContainerEntityManagerFactoryBean : Closing JPA EntityManagerFactory for persistence unit 'default'
2020-01-28 12:48:42.014  INFO 8324 --- [main] com.zaxxer.hikari.HikariDataSource       : HikariPool-1 - Shutdown initiated...
2020-01-28 12:48:42.364  INFO 8324 --- [main] com.zaxxer.hikari.HikariDataSource       : HikariPool-1 - Shutdown completed.
2020-01-28 12:48:42.385  INFO 8324 --- [main] ConditionEvaluationReportLoggingListener : 

Error starting ApplicationContext. To display the conditions report re-run your application with 'debug' enabled.
2020-01-28 12:48:42.394 ERROR 8324 --- [main] o.s.b.d.LoggingFailureAnalysisReporter   : 

***************************
APPLICATION FAILED TO START
***************************

Description:

Parameter 0 of method linkDiscoverers in org.springframework.hateoas.config.HateoasConfiguration required a single bean, but 3 were found:
	- relProviderPluginRegistry: defined by method 'relProviderPluginRegistry' in class path resource [org/springframework/hateoas/config/HateoasConfiguration.class]
	- linkDiscovererRegistry: defined in null
	- entityLinksPluginRegistry: defined by method 'entityLinksPluginRegistry' in class path resource [org/springframework/hateoas/config/WebMvcEntityLinksConfiguration.class]


Action:

Consider marking one of the beans as @Primary, updating the consumer to accept multiple beans, or using @Qualifier to identify the bean that should be consumed

