2020-01-20 11:31:04.749  INFO 840 --- [main] .c.a.s.SaraCaptacaoAutomaticaApplication : The following profiles are active: local
2020-01-20 11:31:08.009  INFO 840 --- [main] .s.d.r.c.RepositoryConfigurationDelegate : Multiple Spring Data modules found, entering strict repository configuration mode!
2020-01-20 11:31:08.015  INFO 840 --- [main] .s.d.r.c.RepositoryConfigurationDelegate : Bootstrapping Spring Data repositories in DEFAULT mode.
2020-01-20 11:31:08.173  INFO 840 --- [main] .s.d.r.c.RepositoryConfigurationDelegate : Finished Spring Data repository scanning in 148ms. Found 4 repository interfaces.
2020-01-20 11:31:08.203  INFO 840 --- [main] .s.d.r.c.RepositoryConfigurationDelegate : Multiple Spring Data modules found, entering strict repository configuration mode!
2020-01-20 11:31:08.208  INFO 840 --- [main] .s.d.r.c.RepositoryConfigurationDelegate : Bootstrapping Spring Data repositories in DEFAULT mode.
2020-01-20 11:31:08.240  INFO 840 --- [main] .RepositoryConfigurationExtensionSupport : Spring Data Redis - Could not safely identify store assignment for repository candidate interface br.com.correios.api.sara_captacaoautomatica.repository.FaseCaptacaoRepository. If you want this repository to be a Redis repository, consider annotating your entities with one of these annotations: org.springframework.data.redis.core.RedisHash (preferred), or consider extending one of the following types with your repository: org.springframework.data.keyvalue.repository.KeyValueRepository.
2020-01-20 11:31:08.241  INFO 840 --- [main] .RepositoryConfigurationExtensionSupport : Spring Data Redis - Could not safely identify store assignment for repository candidate interface br.com.correios.api.sara_captacaoautomatica.repository.InterfaceExecucaoRepository. If you want this repository to be a Redis repository, consider annotating your entities with one of these annotations: org.springframework.data.redis.core.RedisHash (preferred), or consider extending one of the following types with your repository: org.springframework.data.keyvalue.repository.KeyValueRepository.
2020-01-20 11:31:08.242  INFO 840 --- [main] .RepositoryConfigurationExtensionSupport : Spring Data Redis - Could not safely identify store assignment for repository candidate interface br.com.correios.api.sara_captacaoautomatica.repository.MectriRepository. If you want this repository to be a Redis repository, consider annotating your entities with one of these annotations: org.springframework.data.redis.core.RedisHash (preferred), or consider extending one of the following types with your repository: org.springframework.data.keyvalue.repository.KeyValueRepository.
2020-01-20 11:31:08.248  INFO 840 --- [main] .RepositoryConfigurationExtensionSupport : Spring Data Redis - Could not safely identify store assignment for repository candidate interface br.com.correios.api.sara_captacaoautomatica.repository.MotivoPendenciaRepository. If you want this repository to be a Redis repository, consider annotating your entities with one of these annotations: org.springframework.data.redis.core.RedisHash (preferred), or consider extending one of the following types with your repository: org.springframework.data.keyvalue.repository.KeyValueRepository.
2020-01-20 11:31:08.248  INFO 840 --- [main] .s.d.r.c.RepositoryConfigurationDelegate : Finished Spring Data repository scanning in 26ms. Found 0 repository interfaces.
2020-01-20 11:31:08.714  INFO 840 --- [main] o.s.cloud.context.scope.GenericScope     : BeanFactory id=e501bc04-a293-33a7-bd37-065f52bd9405
2020-01-20 11:31:08.982  INFO 840 --- [main] trationDelegate$BeanPostProcessorChecker : Bean 'org.springframework.transaction.annotation.ProxyTransactionManagementConfiguration' of type [org.springframework.transaction.annotation.ProxyTransactionManagementConfiguration] is not eligible for getting processed by all BeanPostProcessors (for example: not eligible for auto-proxying)
2020-01-20 11:31:09.061  INFO 840 --- [main] trationDelegate$BeanPostProcessorChecker : Bean 'org.springframework.cloud.autoconfigure.ConfigurationPropertiesRebinderAutoConfiguration' of type [org.springframework.cloud.autoconfigure.ConfigurationPropertiesRebinderAutoConfiguration] is not eligible for getting processed by all BeanPostProcessors (for example: not eligible for auto-proxying)
2020-01-20 11:31:09.398  WARN 840 --- [main] io.undertow.websockets.jsr               : UT026010: Buffer pool was not set on WebSocketDeploymentInfo, the default pool will be used
2020-01-20 11:31:09.437  INFO 840 --- [main] io.undertow.servlet                      : Initializing Spring embedded WebApplicationContext
2020-01-20 11:31:09.438  INFO 840 --- [main] o.s.web.context.ContextLoader            : Root WebApplicationContext: initialization completed in 4625 ms
2020-01-20 11:31:09.625  WARN 840 --- [main] c.n.c.sources.URLConfigurationSource     : No URLs will be polled as dynamic configuration sources.
2020-01-20 11:31:09.625  INFO 840 --- [main] c.n.c.sources.URLConfigurationSource     : To enable URLs as dynamic configuration sources, define System property archaius.configurationSource.additionalUrls or make config.properties available on classpath.
2020-01-20 11:31:09.668  INFO 840 --- [main] c.netflix.config.DynamicPropertyFactory  : DynamicPropertyFactory is initialized with configuration sources: com.netflix.config.ConcurrentCompositeConfiguration@13aa54f1
2020-01-20 11:31:10.490  INFO 840 --- [main] b.c.c.api.gcssynch.GcsConfiguration      : Version: VersaoApi [versionApiCommons=2.2.1.10, versionSpringBoot=2.2.1.RELEASE]
2020-01-20 11:31:10.936  INFO 840 --- [main] com.zaxxer.hikari.HikariDataSource       : HikariPool-1 - Starting...
2020-01-20 11:31:12.031  INFO 840 --- [main] com.zaxxer.hikari.HikariDataSource       : HikariPool-1 - Start completed.
2020-01-20 11:31:12.126  INFO 840 --- [main] o.hibernate.jpa.internal.util.LogHelper  : HHH000204: Processing PersistenceUnitInfo [name: default]
2020-01-20 11:31:12.237  INFO 840 --- [main] org.hibernate.Version                    : HHH000412: Hibernate Core {5.4.8.Final}
2020-01-20 11:31:12.422  INFO 840 --- [main] o.hibernate.annotations.common.Version   : HCANN000001: Hibernate Commons Annotations {5.1.0.Final}
2020-01-20 11:31:12.626  INFO 840 --- [main] org.hibernate.dialect.Dialect            : HHH000400: Using dialect: org.hibernate.dialect.Oracle10gDialect
2020-01-20 11:31:20.579  INFO 840 --- [main] o.h.e.t.j.p.i.JtaPlatformInitiator       : HHH000490: Using JtaPlatform implementation: [org.hibernate.engine.transaction.jta.platform.internal.NoJtaPlatform]
2020-01-20 11:31:20.594  INFO 840 --- [main] j.LocalContainerEntityManagerFactoryBean : Initialized JPA EntityManagerFactory for persistence unit 'default'
2020-01-20 11:31:20.609  INFO 840 --- [main] b.c.c.api.gcssynch.GcsConfiguration      : iniciando configuração apiConfig...
2020-01-20 11:31:20.611  INFO 840 --- [main] br.com.correios.api.gcssynch.ApiConfig   : O ambiente de syncronização da API: DESENVOLVIMENTO
2020-01-20 11:31:20.639  INFO 840 --- [main] b.c.c.api.gcssynch.GcsConfiguration      : configuração apiConfig: ApiConfig(id=0, serviceId=saraapi, nome=sara-captacaoautomatica, versao=1.0.1, paths=[/**], credencial=true, ambientePublicacao=LOCAL, ambienteSincronizacao=DESENVOLVIMENTO, emails=null, tokenObj=null, enviaEmail=false, retornaStacktrace=true)
2020-01-20 11:31:20.900  INFO 840 --- [main] o.a.c.w.s.f.ReflectionServiceFactoryBean : Creating Service {http://services.usuario.idautorizadorws.correios.com.br/}IdAutorizadorUsuarioServiceService from class br.com.correios.componente.idautorizador.usuario.IdAutorizadorUsuarioService
2020-01-20 11:31:22.616  INFO 840 --- [main] b.c.c.a.s.client.soap.SoapClientFactory  : client instanciado: https://jhom2.correiosnet.int/idCorreiosWS-v1.2/idAutorizadorUsuario/idAutorizadorUsuarioService
2020-01-20 11:31:23.301  WARN 840 --- [main] JpaBaseConfiguration$JpaWebConfiguration : spring.jpa.open-in-view is enabled by default. Therefore, database queries may be performed during view rendering. Explicitly configure spring.jpa.open-in-view to disable this warning
2020-01-20 11:31:24.364  INFO 840 --- [main] o.s.b.a.e.web.EndpointLinksResolver      : Exposing 17 endpoint(s) beneath base path '/actuator'
2020-01-20 11:31:24.507  INFO 840 --- [main] pertySourcedRequestMappingHandlerMapping : Mapped URL path [/v2/api-docs] onto method [springfox.documentation.swagger2.web.Swagger2Controller#getDocumentation(String, HttpServletRequest)]
2020-01-20 11:31:24.518  INFO 840 --- [main] b.c.c.a.c.swagger.AbstractSwaggerConfig  : AbstractSwaggerConfig Docket()
2020-01-20 11:31:24.595  INFO 840 --- [main] b.c.c.api.gcssynch.gcs.SynchonizedGcs    : ApiConfig(id=0, serviceId=saraapi, nome=sara-captacaoautomatica, versao=1.0.1, paths=[/**], credencial=true, ambientePublicacao=LOCAL, ambienteSincronizacao=DESENVOLVIMENTO, emails=null, tokenObj=null, enviaEmail=false, retornaStacktrace=true)
2020-01-20 11:31:24.601  INFO 840 --- [main] b.c.c.api.gcssynch.gcs.SynchonizedGcs    : O ambiente de publicação da API: LOCAL
2020-01-20 11:31:24.601  WARN 840 --- [main] b.c.c.api.gcssynch.gcs.SynchonizedGcs    : 


ATENÇÃO: API com código 0 (zero) só funcionará parcialmente nas estações de trabalho local. Quando for publicar nos ambientes corporativos solicitar o código no sistema GCS.n



2020-01-20 11:31:25.228  WARN 840 --- [main] c.n.c.sources.URLConfigurationSource     : No URLs will be polled as dynamic configuration sources.
2020-01-20 11:31:25.228  INFO 840 --- [main] c.n.c.sources.URLConfigurationSource     : To enable URLs as dynamic configuration sources, define System property archaius.configurationSource.additionalUrls or make config.properties available on classpath.
2020-01-20 11:31:25.337  INFO 840 --- [main] o.s.s.concurrent.ThreadPoolTaskExecutor  : Initializing ExecutorService 'applicationTaskExecutor'
2020-01-20 11:31:25.518  WARN 840 --- [main] ion$DefaultTemplateResolverConfiguration : Cannot find template location: classpath:/templates/ (please add some templates or check your Thymeleaf configuration)
2020-01-20 11:31:25.982  INFO 840 --- [main] o.s.s.c.ThreadPoolTaskScheduler          : Initializing ExecutorService 'taskScheduler'
2020-01-20 11:31:26.240  WARN 840 --- [main] ockingLoadBalancerClientRibbonWarnLogger : You already have RibbonLoadBalancerClient on your classpath. It will be used by default. As Spring Cloud Ribbon is in maintenance mode. We recommend switching to BlockingLoadBalancerClient instead. In order to use it, set the value of `spring.cloud.loadbalancer.ribbon.enabled` to `false` or remove spring-cloud-starter-netflix-ribbon from your project.
2020-01-20 11:31:26.352  WARN 840 --- [main] iguration$LoadBalancerCaffeineWarnLogger : Spring Cloud LoadBalancer is currently working with default default cache. You can switch to using Caffeine cache, by adding it to the classpath.
2020-01-20 11:31:26.675  INFO 840 --- [main] d.s.w.p.DocumentationPluginsBootstrapper : Context refreshed
2020-01-20 11:31:26.703  INFO 840 --- [main] d.s.w.p.DocumentationPluginsBootstrapper : Found 1 custom documentation plugin(s)
2020-01-20 11:31:26.781  INFO 840 --- [main] s.d.s.w.s.ApiListingReferenceScanner     : Scanning for api listing references
2020-01-20 11:31:26.847  INFO 840 --- [main] io.undertow                              : starting server: Undertow - 2.0.27.Final
2020-01-20 11:31:26.858  INFO 840 --- [main] org.xnio                                 : XNIO version 3.3.8.Final
2020-01-20 11:31:26.879  INFO 840 --- [main] org.xnio.nio                             : XNIO NIO Implementation Version 3.3.8.Final
2020-01-20 11:31:26.958  INFO 840 --- [main] o.s.b.w.e.u.UndertowServletWebServer     : Undertow started on port(s) 8085 (http) with context path ''
2020-01-20 11:31:27.057  INFO 840 --- [main] .c.a.s.SaraCaptacaoAutomaticaApplication : Started SaraCaptacaoAutomaticaApplication in 25.868 seconds (JVM running for 27.612)
2020-01-20 11:32:00.003  INFO 840 --- [scheduling-1] c.c.a.s.s.SaraCaptacaoAutomaticaSchedule : Teste de schedule :: Execution Time - 11:32:00
2020-01-20 11:32:54.321  INFO 840 --- [XNIO-1 task-1] io.undertow.servlet                      : Initializing Spring DispatcherServlet 'dispatcherServlet'
2020-01-20 11:32:54.326  INFO 840 --- [XNIO-1 task-1] o.s.web.servlet.DispatcherServlet        : Initializing Servlet 'dispatcherServlet'
2020-01-20 11:32:54.346  INFO 840 --- [XNIO-1 task-1] o.s.web.servlet.DispatcherServlet        : Completed initialization in 14 ms
2020-01-20 11:32:54.629 DEBUG 840 --- [XNIO-1 task-1] org.hibernate.SQL                        : 
    /* select
        generatedAlias0 
    from
        FaseCaptacao as generatedAlias0 
    where
        1=1 */ select
            fasecaptac0_.fas_nu_captacao as fas_nu_captacao1_0_,
            fasecaptac0_.fas_tx_descricao as fas_tx_descricao2_0_ 
        from
            fase_captacao fasecaptac0_ 
        where
            1=1
2020-01-20 11:32:54.959  INFO 840 --- [XNIO-1 task-1] b.c.c.a.s.service.FaseCaptacaoService    : FaseCaptacao: [{"id":0,"nome":"Não Conciliado"},{"id":1,"nome":"Importação"},{"id":2,"nome":"Conciliação"},{"id":3,"nome":"Atendimento"},{"id":4,"nome":"Erro Conciliação"},{"id":5,"nome":"Erro Atendimento"}]
2020-01-20 11:32:54.966  INFO 840 --- [XNIO-1 task-1] b.c.c.a.s.s.MotivoPendenciaService       : MotivoPendencia: [{"id":80,"nome":"Não avaliado"},{"id":81,"nome":"Atendido"},{"id":82,"nome":"Disponível para conciliar"},{"id":83,"nome":"Duplicado"}]
2020-01-20 11:32:54.992 DEBUG 840 --- [XNIO-1 task-1] org.hibernate.SQL                        : 
    /* select
        count(generatedAlias0) 
    from
        Mectri as generatedAlias0 
    where
        (
            generatedAlias0.faseCaptacao in (
                0
            ) 
        ) 
        and (
            (
                generatedAlias0.motivoPendencia in (
                    80
                ) 
            ) 
            and (
                generatedAlias0.mcu in (
                    64604004L
                ) 
            ) 
        ) */ select
            count(mectri0_.imm_nu_importacao_mectri) as col_0_0_ 
        from
            nep_importacao_mectri mectri0_ 
        where
            (
                mectri0_.fas_nu_captacao in (
                    0
                )
            ) 
            and (
                mectri0_.mpe_nu_motivo_pendencia in (
                    80
                )
            ) 
            and (
                mectri0_.org_nu_agencia in (
                    64604004
                )
            )
2020-01-20 11:32:55.617 DEBUG 840 --- [XNIO-1 task-1] org.hibernate.SQL                        : 
    /* select
        count(generatedAlias0) 
    from
        Mectri as generatedAlias0 
    where
        (
            generatedAlias0.faseCaptacao in (
                1
            ) 
        ) 
        and (
            (
                generatedAlias0.motivoPendencia in (
                    80
                ) 
            ) 
            and (
                generatedAlias0.mcu in (
                    64604004L
                ) 
            ) 
        ) */ select
            count(mectri0_.imm_nu_importacao_mectri) as col_0_0_ 
        from
            nep_importacao_mectri mectri0_ 
        where
            (
                mectri0_.fas_nu_captacao in (
                    1
                )
            ) 
            and (
                mectri0_.mpe_nu_motivo_pendencia in (
                    80
                )
            ) 
            and (
                mectri0_.org_nu_agencia in (
                    64604004
                )
            )
2020-01-20 11:32:55.754 DEBUG 840 --- [XNIO-1 task-1] org.hibernate.SQL                        : 
    /* select
        count(generatedAlias0) 
    from
        Mectri as generatedAlias0 
    where
        (
            generatedAlias0.faseCaptacao in (
                2
            ) 
        ) 
        and (
            (
                generatedAlias0.motivoPendencia in (
                    80
                ) 
            ) 
            and (
                generatedAlias0.mcu in (
                    64604004L
                ) 
            ) 
        ) */ select
            count(mectri0_.imm_nu_importacao_mectri) as col_0_0_ 
        from
            nep_importacao_mectri mectri0_ 
        where
            (
                mectri0_.fas_nu_captacao in (
                    2
                )
            ) 
            and (
                mectri0_.mpe_nu_motivo_pendencia in (
                    80
                )
            ) 
            and (
                mectri0_.org_nu_agencia in (
                    64604004
                )
            )
2020-01-20 11:32:55.847 DEBUG 840 --- [XNIO-1 task-1] org.hibernate.SQL                        : 
    /* select
        count(generatedAlias0) 
    from
        Mectri as generatedAlias0 
    where
        (
            generatedAlias0.faseCaptacao in (
                3
            ) 
        ) 
        and (
            (
                generatedAlias0.motivoPendencia in (
                    80
                ) 
            ) 
            and (
                generatedAlias0.mcu in (
                    64604004L
                ) 
            ) 
        ) */ select
            count(mectri0_.imm_nu_importacao_mectri) as col_0_0_ 
        from
            nep_importacao_mectri mectri0_ 
        where
            (
                mectri0_.fas_nu_captacao in (
                    3
                )
            ) 
            and (
                mectri0_.mpe_nu_motivo_pendencia in (
                    80
                )
            ) 
            and (
                mectri0_.org_nu_agencia in (
                    64604004
                )
            )
2020-01-20 11:32:55.946 DEBUG 840 --- [XNIO-1 task-1] org.hibernate.SQL                        : 
    /* select
        count(generatedAlias0) 
    from
        Mectri as generatedAlias0 
    where
        (
            generatedAlias0.faseCaptacao in (
                4
            ) 
        ) 
        and (
            (
                generatedAlias0.motivoPendencia in (
                    80
                ) 
            ) 
            and (
                generatedAlias0.mcu in (
                    64604004L
                ) 
            ) 
        ) */ select
            count(mectri0_.imm_nu_importacao_mectri) as col_0_0_ 
        from
            nep_importacao_mectri mectri0_ 
        where
            (
                mectri0_.fas_nu_captacao in (
                    4
                )
            ) 
            and (
                mectri0_.mpe_nu_motivo_pendencia in (
                    80
                )
            ) 
            and (
                mectri0_.org_nu_agencia in (
                    64604004
                )
            )
2020-01-20 11:32:56.037 DEBUG 840 --- [XNIO-1 task-1] org.hibernate.SQL                        : 
    /* select
        count(generatedAlias0) 
    from
        Mectri as generatedAlias0 
    where
        (
            generatedAlias0.faseCaptacao in (
                5
            ) 
        ) 
        and (
            (
                generatedAlias0.motivoPendencia in (
                    80
                ) 
            ) 
            and (
                generatedAlias0.mcu in (
                    64604004L
                ) 
            ) 
        ) */ select
            count(mectri0_.imm_nu_importacao_mectri) as col_0_0_ 
        from
            nep_importacao_mectri mectri0_ 
        where
            (
                mectri0_.fas_nu_captacao in (
                    5
                )
            ) 
            and (
                mectri0_.mpe_nu_motivo_pendencia in (
                    80
                )
            ) 
            and (
                mectri0_.org_nu_agencia in (
                    64604004
                )
            )
2020-01-20 11:32:56.139 DEBUG 840 --- [XNIO-1 task-1] org.hibernate.SQL                        : 
    /* select
        count(generatedAlias0) 
    from
        Mectri as generatedAlias0 
    where
        (
            generatedAlias0.faseCaptacao in (
                0
            ) 
        ) 
        and (
            (
                generatedAlias0.motivoPendencia in (
                    81
                ) 
            ) 
            and (
                generatedAlias0.mcu in (
                    64604004L
                ) 
            ) 
        ) */ select
            count(mectri0_.imm_nu_importacao_mectri) as col_0_0_ 
        from
            nep_importacao_mectri mectri0_ 
        where
            (
                mectri0_.fas_nu_captacao in (
                    0
                )
            ) 
            and (
                mectri0_.mpe_nu_motivo_pendencia in (
                    81
                )
            ) 
            and (
                mectri0_.org_nu_agencia in (
                    64604004
                )
            )
2020-01-20 11:32:56.232 DEBUG 840 --- [XNIO-1 task-1] org.hibernate.SQL                        : 
    /* select
        count(generatedAlias0) 
    from
        Mectri as generatedAlias0 
    where
        (
            generatedAlias0.faseCaptacao in (
                1
            ) 
        ) 
        and (
            (
                generatedAlias0.motivoPendencia in (
                    81
                ) 
            ) 
            and (
                generatedAlias0.mcu in (
                    64604004L
                ) 
            ) 
        ) */ select
            count(mectri0_.imm_nu_importacao_mectri) as col_0_0_ 
        from
            nep_importacao_mectri mectri0_ 
        where
            (
                mectri0_.fas_nu_captacao in (
                    1
                )
            ) 
            and (
                mectri0_.mpe_nu_motivo_pendencia in (
                    81
                )
            ) 
            and (
                mectri0_.org_nu_agencia in (
                    64604004
                )
            )
2020-01-20 11:32:56.332 DEBUG 840 --- [XNIO-1 task-1] org.hibernate.SQL                        : 
    /* select
        count(generatedAlias0) 
    from
        Mectri as generatedAlias0 
    where
        (
            generatedAlias0.faseCaptacao in (
                2
            ) 
        ) 
        and (
            (
                generatedAlias0.motivoPendencia in (
                    81
                ) 
            ) 
            and (
                generatedAlias0.mcu in (
                    64604004L
                ) 
            ) 
        ) */ select
            count(mectri0_.imm_nu_importacao_mectri) as col_0_0_ 
        from
            nep_importacao_mectri mectri0_ 
        where
            (
                mectri0_.fas_nu_captacao in (
                    2
                )
            ) 
            and (
                mectri0_.mpe_nu_motivo_pendencia in (
                    81
                )
            ) 
            and (
                mectri0_.org_nu_agencia in (
                    64604004
                )
            )
2020-01-20 11:32:56.429 DEBUG 840 --- [XNIO-1 task-1] org.hibernate.SQL                        : 
    /* select
        count(generatedAlias0) 
    from
        Mectri as generatedAlias0 
    where
        (
            generatedAlias0.faseCaptacao in (
                3
            ) 
        ) 
        and (
            (
                generatedAlias0.motivoPendencia in (
                    81
                ) 
            ) 
            and (
                generatedAlias0.mcu in (
                    64604004L
                ) 
            ) 
        ) */ select
            count(mectri0_.imm_nu_importacao_mectri) as col_0_0_ 
        from
            nep_importacao_mectri mectri0_ 
        where
            (
                mectri0_.fas_nu_captacao in (
                    3
                )
            ) 
            and (
                mectri0_.mpe_nu_motivo_pendencia in (
                    81
                )
            ) 
            and (
                mectri0_.org_nu_agencia in (
                    64604004
                )
            )
2020-01-20 11:32:56.542 DEBUG 840 --- [XNIO-1 task-1] org.hibernate.SQL                        : 
    /* select
        count(generatedAlias0) 
    from
        Mectri as generatedAlias0 
    where
        (
            generatedAlias0.faseCaptacao in (
                4
            ) 
        ) 
        and (
            (
                generatedAlias0.motivoPendencia in (
                    81
                ) 
            ) 
            and (
                generatedAlias0.mcu in (
                    64604004L
                ) 
            ) 
        ) */ select
            count(mectri0_.imm_nu_importacao_mectri) as col_0_0_ 
        from
            nep_importacao_mectri mectri0_ 
        where
            (
                mectri0_.fas_nu_captacao in (
                    4
                )
            ) 
            and (
                mectri0_.mpe_nu_motivo_pendencia in (
                    81
                )
            ) 
            and (
                mectri0_.org_nu_agencia in (
                    64604004
                )
            )
2020-01-20 11:32:56.638 DEBUG 840 --- [XNIO-1 task-1] org.hibernate.SQL                        : 
    /* select
        count(generatedAlias0) 
    from
        Mectri as generatedAlias0 
    where
        (
            generatedAlias0.faseCaptacao in (
                5
            ) 
        ) 
        and (
            (
                generatedAlias0.motivoPendencia in (
                    81
                ) 
            ) 
            and (
                generatedAlias0.mcu in (
                    64604004L
                ) 
            ) 
        ) */ select
            count(mectri0_.imm_nu_importacao_mectri) as col_0_0_ 
        from
            nep_importacao_mectri mectri0_ 
        where
            (
                mectri0_.fas_nu_captacao in (
                    5
                )
            ) 
            and (
                mectri0_.mpe_nu_motivo_pendencia in (
                    81
                )
            ) 
            and (
                mectri0_.org_nu_agencia in (
                    64604004
                )
            )
2020-01-20 11:32:56.746 DEBUG 840 --- [XNIO-1 task-1] org.hibernate.SQL                        : 
    /* select
        count(generatedAlias0) 
    from
        Mectri as generatedAlias0 
    where
        (
            generatedAlias0.faseCaptacao in (
                0
            ) 
        ) 
        and (
            (
                generatedAlias0.motivoPendencia in (
                    82
                ) 
            ) 
            and (
                generatedAlias0.mcu in (
                    64604004L
                ) 
            ) 
        ) */ select
            count(mectri0_.imm_nu_importacao_mectri) as col_0_0_ 
        from
            nep_importacao_mectri mectri0_ 
        where
            (
                mectri0_.fas_nu_captacao in (
                    0
                )
            ) 
            and (
                mectri0_.mpe_nu_motivo_pendencia in (
                    82
                )
            ) 
            and (
                mectri0_.org_nu_agencia in (
                    64604004
                )
            )
2020-01-20 11:32:56.838 DEBUG 840 --- [XNIO-1 task-1] org.hibernate.SQL                        : 
    /* select
        count(generatedAlias0) 
    from
        Mectri as generatedAlias0 
    where
        (
            generatedAlias0.faseCaptacao in (
                1
            ) 
        ) 
        and (
            (
                generatedAlias0.motivoPendencia in (
                    82
                ) 
            ) 
            and (
                generatedAlias0.mcu in (
                    64604004L
                ) 
            ) 
        ) */ select
            count(mectri0_.imm_nu_importacao_mectri) as col_0_0_ 
        from
            nep_importacao_mectri mectri0_ 
        where
            (
                mectri0_.fas_nu_captacao in (
                    1
                )
            ) 
            and (
                mectri0_.mpe_nu_motivo_pendencia in (
                    82
                )
            ) 
            and (
                mectri0_.org_nu_agencia in (
                    64604004
                )
            )
2020-01-20 11:32:56.938 DEBUG 840 --- [XNIO-1 task-1] org.hibernate.SQL                        : 
    /* select
        count(generatedAlias0) 
    from
        Mectri as generatedAlias0 
    where
        (
            generatedAlias0.faseCaptacao in (
                2
            ) 
        ) 
        and (
            (
                generatedAlias0.motivoPendencia in (
                    82
                ) 
            ) 
            and (
                generatedAlias0.mcu in (
                    64604004L
                ) 
            ) 
        ) */ select
            count(mectri0_.imm_nu_importacao_mectri) as col_0_0_ 
        from
            nep_importacao_mectri mectri0_ 
        where
            (
                mectri0_.fas_nu_captacao in (
                    2
                )
            ) 
            and (
                mectri0_.mpe_nu_motivo_pendencia in (
                    82
                )
            ) 
            and (
                mectri0_.org_nu_agencia in (
                    64604004
                )
            )
2020-01-20 11:32:57.032 DEBUG 840 --- [XNIO-1 task-1] org.hibernate.SQL                        : 
    /* select
        count(generatedAlias0) 
    from
        Mectri as generatedAlias0 
    where
        (
            generatedAlias0.faseCaptacao in (
                3
            ) 
        ) 
        and (
            (
                generatedAlias0.motivoPendencia in (
                    82
                ) 
            ) 
            and (
                generatedAlias0.mcu in (
                    64604004L
                ) 
            ) 
        ) */ select
            count(mectri0_.imm_nu_importacao_mectri) as col_0_0_ 
        from
            nep_importacao_mectri mectri0_ 
        where
            (
                mectri0_.fas_nu_captacao in (
                    3
                )
            ) 
            and (
                mectri0_.mpe_nu_motivo_pendencia in (
                    82
                )
            ) 
            and (
                mectri0_.org_nu_agencia in (
                    64604004
                )
            )
2020-01-20 11:32:57.129 DEBUG 840 --- [XNIO-1 task-1] org.hibernate.SQL                        : 
    /* select
        count(generatedAlias0) 
    from
        Mectri as generatedAlias0 
    where
        (
            generatedAlias0.faseCaptacao in (
                4
            ) 
        ) 
        and (
            (
                generatedAlias0.motivoPendencia in (
                    82
                ) 
            ) 
            and (
                generatedAlias0.mcu in (
                    64604004L
                ) 
            ) 
        ) */ select
            count(mectri0_.imm_nu_importacao_mectri) as col_0_0_ 
        from
            nep_importacao_mectri mectri0_ 
        where
            (
                mectri0_.fas_nu_captacao in (
                    4
                )
            ) 
            and (
                mectri0_.mpe_nu_motivo_pendencia in (
                    82
                )
            ) 
            and (
                mectri0_.org_nu_agencia in (
                    64604004
                )
            )
2020-01-20 11:32:57.224 DEBUG 840 --- [XNIO-1 task-1] org.hibernate.SQL                        : 
    /* select
        count(generatedAlias0) 
    from
        Mectri as generatedAlias0 
    where
        (
            generatedAlias0.faseCaptacao in (
                5
            ) 
        ) 
        and (
            (
                generatedAlias0.motivoPendencia in (
                    82
                ) 
            ) 
            and (
                generatedAlias0.mcu in (
                    64604004L
                ) 
            ) 
        ) */ select
            count(mectri0_.imm_nu_importacao_mectri) as col_0_0_ 
        from
            nep_importacao_mectri mectri0_ 
        where
            (
                mectri0_.fas_nu_captacao in (
                    5
                )
            ) 
            and (
                mectri0_.mpe_nu_motivo_pendencia in (
                    82
                )
            ) 
            and (
                mectri0_.org_nu_agencia in (
                    64604004
                )
            )
2020-01-20 11:32:57.326 DEBUG 840 --- [XNIO-1 task-1] org.hibernate.SQL                        : 
    /* select
        count(generatedAlias0) 
    from
        Mectri as generatedAlias0 
    where
        (
            generatedAlias0.faseCaptacao in (
                0
            ) 
        ) 
        and (
            (
                generatedAlias0.motivoPendencia in (
                    83
                ) 
            ) 
            and (
                generatedAlias0.mcu in (
                    64604004L
                ) 
            ) 
        ) */ select
            count(mectri0_.imm_nu_importacao_mectri) as col_0_0_ 
        from
            nep_importacao_mectri mectri0_ 
        where
            (
                mectri0_.fas_nu_captacao in (
                    0
                )
            ) 
            and (
                mectri0_.mpe_nu_motivo_pendencia in (
                    83
                )
            ) 
            and (
                mectri0_.org_nu_agencia in (
                    64604004
                )
            )
2020-01-20 11:32:57.428 DEBUG 840 --- [XNIO-1 task-1] org.hibernate.SQL                        : 
    /* select
        count(generatedAlias0) 
    from
        Mectri as generatedAlias0 
    where
        (
            generatedAlias0.faseCaptacao in (
                1
            ) 
        ) 
        and (
            (
                generatedAlias0.motivoPendencia in (
                    83
                ) 
            ) 
            and (
                generatedAlias0.mcu in (
                    64604004L
                ) 
            ) 
        ) */ select
            count(mectri0_.imm_nu_importacao_mectri) as col_0_0_ 
        from
            nep_importacao_mectri mectri0_ 
        where
            (
                mectri0_.fas_nu_captacao in (
                    1
                )
            ) 
            and (
                mectri0_.mpe_nu_motivo_pendencia in (
                    83
                )
            ) 
            and (
                mectri0_.org_nu_agencia in (
                    64604004
                )
            )
2020-01-20 11:32:57.531 DEBUG 840 --- [XNIO-1 task-1] org.hibernate.SQL                        : 
    /* select
        count(generatedAlias0) 
    from
        Mectri as generatedAlias0 
    where
        (
            generatedAlias0.faseCaptacao in (
                2
            ) 
        ) 
        and (
            (
                generatedAlias0.motivoPendencia in (
                    83
                ) 
            ) 
            and (
                generatedAlias0.mcu in (
                    64604004L
                ) 
            ) 
        ) */ select
            count(mectri0_.imm_nu_importacao_mectri) as col_0_0_ 
        from
            nep_importacao_mectri mectri0_ 
        where
            (
                mectri0_.fas_nu_captacao in (
                    2
                )
            ) 
            and (
                mectri0_.mpe_nu_motivo_pendencia in (
                    83
                )
            ) 
            and (
                mectri0_.org_nu_agencia in (
                    64604004
                )
            )
2020-01-20 11:32:57.624 DEBUG 840 --- [XNIO-1 task-1] org.hibernate.SQL                        : 
    /* select
        count(generatedAlias0) 
    from
        Mectri as generatedAlias0 
    where
        (
            generatedAlias0.faseCaptacao in (
                3
            ) 
        ) 
        and (
            (
                generatedAlias0.motivoPendencia in (
                    83
                ) 
            ) 
            and (
                generatedAlias0.mcu in (
                    64604004L
                ) 
            ) 
        ) */ select
            count(mectri0_.imm_nu_importacao_mectri) as col_0_0_ 
        from
            nep_importacao_mectri mectri0_ 
        where
            (
                mectri0_.fas_nu_captacao in (
                    3
                )
            ) 
            and (
                mectri0_.mpe_nu_motivo_pendencia in (
                    83
                )
            ) 
            and (
                mectri0_.org_nu_agencia in (
                    64604004
                )
            )
2020-01-20 11:32:57.723 DEBUG 840 --- [XNIO-1 task-1] org.hibernate.SQL                        : 
    /* select
        count(generatedAlias0) 
    from
        Mectri as generatedAlias0 
    where
        (
            generatedAlias0.faseCaptacao in (
                4
            ) 
        ) 
        and (
            (
                generatedAlias0.motivoPendencia in (
                    83
                ) 
            ) 
            and (
                generatedAlias0.mcu in (
                    64604004L
                ) 
            ) 
        ) */ select
            count(mectri0_.imm_nu_importacao_mectri) as col_0_0_ 
        from
            nep_importacao_mectri mectri0_ 
        where
            (
                mectri0_.fas_nu_captacao in (
                    4
                )
            ) 
            and (
                mectri0_.mpe_nu_motivo_pendencia in (
                    83
                )
            ) 
            and (
                mectri0_.org_nu_agencia in (
                    64604004
                )
            )
2020-01-20 11:32:57.819 DEBUG 840 --- [XNIO-1 task-1] org.hibernate.SQL                        : 
    /* select
        count(generatedAlias0) 
    from
        Mectri as generatedAlias0 
    where
        (
            generatedAlias0.faseCaptacao in (
                5
            ) 
        ) 
        and (
            (
                generatedAlias0.motivoPendencia in (
                    83
                ) 
            ) 
            and (
                generatedAlias0.mcu in (
                    64604004L
                ) 
            ) 
        ) */ select
            count(mectri0_.imm_nu_importacao_mectri) as col_0_0_ 
        from
            nep_importacao_mectri mectri0_ 
        where
            (
                mectri0_.fas_nu_captacao in (
                    5
                )
            ) 
            and (
                mectri0_.mpe_nu_motivo_pendencia in (
                    83
                )
            ) 
            and (
                mectri0_.org_nu_agencia in (
                    64604004
                )
            )
2020-01-20 11:32:57.954  INFO 840 --- [XNIO-1 task-1] b.c.c.a.s.service.MectriService          : Mectri: [{"mcu":64604004,"motivoPendencia":81,"motivoPendenciaNome":"Atendido","faseCaptacao":3,"faseCaptacaoNome":"Atendimento","quantidade":4},{"mcu":64604004,"motivoPendencia":82,"motivoPendenciaNome":"Disponível para conciliar","faseCaptacao":4,"faseCaptacaoNome":"Erro Conciliação","quantidade":1},{"mcu":64604004,"motivoPendencia":82,"motivoPendenciaNome":"Disponível para conciliar","faseCaptacao":5,"faseCaptacaoNome":"Erro Atendimento","quantidade":1}]
2020-01-20 11:33:59.999  INFO 840 --- [scheduling-1] c.c.a.s.s.SaraCaptacaoAutomaticaSchedule : Teste de schedule :: Execution Time - 11:33:59
2020-01-20 11:36:00.000  INFO 840 --- [scheduling-1] c.c.a.s.s.SaraCaptacaoAutomaticaSchedule : Teste de schedule :: Execution Time - 11:36:00
2020-01-20 11:38:00.001  INFO 840 --- [scheduling-1] c.c.a.s.s.SaraCaptacaoAutomaticaSchedule : Teste de schedule :: Execution Time - 11:38:00
2020-01-20 11:40:00.001  INFO 840 --- [scheduling-1] c.c.a.s.s.SaraCaptacaoAutomaticaSchedule : Teste de schedule :: Execution Time - 11:40:00
2020-01-20 11:42:00.000  INFO 840 --- [scheduling-1] c.c.a.s.s.SaraCaptacaoAutomaticaSchedule : Teste de schedule :: Execution Time - 11:42:00
2020-01-20 11:43:19.770 DEBUG 840 --- [XNIO-1 task-2] org.hibernate.SQL                        : 
    /* select
        generatedAlias0 
    from
        InterfaceExecucao as generatedAlias0 
    where
        (
            generatedAlias0.numeroInterface=78 
        ) 
        and (
            generatedAlias0.mcu=64604004L 
        ) 
    order by
        generatedAlias0.dataInicioExecucao desc */ select
            * 
        from
            ( select
                interfacee0_.ein_nu_execucao as ein_nu_execucao1_2_,
                interfacee0_.ein_dh_fim as ein_dh_fim2_2_,
                interfacee0_.ein_dh_inicio as ein_dh_inicio3_2_,
                interfacee0_.org_nu_agencia as org_nu_agencia4_2_,
                interfacee0_.ein_no_arquivo_gerado as ein_no_arquivo_ger5_2_,
                interfacee0_.itf_nu_interface as itf_nu_interface6_2_,
                interfacee0_.ein_qt_linha as ein_qt_linha7_2_,
                interfacee0_.ein_in_status as ein_in_status8_2_ 
            from
                nep_itf_execucao interfacee0_ 
            where
                interfacee0_.itf_nu_interface=78 
                and interfacee0_.org_nu_agencia=64604004 
            order by
                interfacee0_.ein_dh_inicio desc ) 
        where
            rownum <= ?
2020-01-20 11:43:20.454 DEBUG 840 --- [XNIO-1 task-2] org.hibernate.SQL                        : 
    /* select
        count(generatedAlias0) 
    from
        InterfaceExecucao as generatedAlias0 
    where
        (
            generatedAlias0.numeroInterface=78 
        ) 
        and (
            generatedAlias0.mcu=64604004L 
        ) */ select
            count(interfacee0_.ein_nu_execucao) as col_0_0_ 
        from
            nep_itf_execucao interfacee0_ 
        where
            interfacee0_.itf_nu_interface=78 
            and interfacee0_.org_nu_agencia=64604004
2020-01-20 11:43:20.561 DEBUG 840 --- [XNIO-1 task-2] org.hibernate.SQL                        : 
    /* select
        generatedAlias0 
    from
        InterfaceExecucao as generatedAlias0 
    where
        (
            generatedAlias0.numeroInterface=79 
        ) 
        and (
            generatedAlias0.mcu=64604004L 
        ) 
    order by
        generatedAlias0.dataInicioExecucao desc */ select
            * 
        from
            ( select
                interfacee0_.ein_nu_execucao as ein_nu_execucao1_2_,
                interfacee0_.ein_dh_fim as ein_dh_fim2_2_,
                interfacee0_.ein_dh_inicio as ein_dh_inicio3_2_,
                interfacee0_.org_nu_agencia as org_nu_agencia4_2_,
                interfacee0_.ein_no_arquivo_gerado as ein_no_arquivo_ger5_2_,
                interfacee0_.itf_nu_interface as itf_nu_interface6_2_,
                interfacee0_.ein_qt_linha as ein_qt_linha7_2_,
                interfacee0_.ein_in_status as ein_in_status8_2_ 
            from
                nep_itf_execucao interfacee0_ 
            where
                interfacee0_.itf_nu_interface=79 
                and interfacee0_.org_nu_agencia=64604004 
            order by
                interfacee0_.ein_dh_inicio desc ) 
        where
            rownum <= ?
2020-01-20 11:43:20.633 DEBUG 840 --- [XNIO-1 task-2] org.hibernate.SQL                        : 
    /* select
        count(generatedAlias0) 
    from
        InterfaceExecucao as generatedAlias0 
    where
        (
            generatedAlias0.numeroInterface=79 
        ) 
        and (
            generatedAlias0.mcu=64604004L 
        ) */ select
            count(interfacee0_.ein_nu_execucao) as col_0_0_ 
        from
            nep_itf_execucao interfacee0_ 
        where
            interfacee0_.itf_nu_interface=79 
            and interfacee0_.org_nu_agencia=64604004
2020-01-20 11:43:20.734  INFO 840 --- [XNIO-1 task-2] b.c.c.a.s.s.InterfaceExecucaoService     : InterfaceExecucao: [{"id":1480676,"numeroInterface":78,"statusExecucao":0,"qtdRegistros":0,"dataInicioExecucao":"2019-11-21T22:52:31","dataFimExecucao":"2019-11-21T22:52:33","mcu":64604004},{"id":1480679,"numeroInterface":79,"dataInicioExecucao":"2019-11-21T22:52:47","mcu":64604004}]
2020-01-20 11:43:34.421 DEBUG 840 --- [XNIO-1 task-3] org.hibernate.SQL                        : 
    /* select
        generatedAlias0 
    from
        InterfaceExecucao as generatedAlias0 
    where
        (
            generatedAlias0.numeroInterface=78 
        ) 
        and (
            generatedAlias0.mcu=64604004L 
        ) 
    order by
        generatedAlias0.dataInicioExecucao desc */ select
            * 
        from
            ( select
                interfacee0_.ein_nu_execucao as ein_nu_execucao1_2_,
                interfacee0_.ein_dh_fim as ein_dh_fim2_2_,
                interfacee0_.ein_dh_inicio as ein_dh_inicio3_2_,
                interfacee0_.org_nu_agencia as org_nu_agencia4_2_,
                interfacee0_.ein_no_arquivo_gerado as ein_no_arquivo_ger5_2_,
                interfacee0_.itf_nu_interface as itf_nu_interface6_2_,
                interfacee0_.ein_qt_linha as ein_qt_linha7_2_,
                interfacee0_.ein_in_status as ein_in_status8_2_ 
            from
                nep_itf_execucao interfacee0_ 
            where
                interfacee0_.itf_nu_interface=78 
                and interfacee0_.org_nu_agencia=64604004 
            order by
                interfacee0_.ein_dh_inicio desc ) 
        where
            rownum <= ?
2020-01-20 11:43:34.484 DEBUG 840 --- [XNIO-1 task-3] org.hibernate.SQL                        : 
    /* select
        count(generatedAlias0) 
    from
        InterfaceExecucao as generatedAlias0 
    where
        (
            generatedAlias0.numeroInterface=78 
        ) 
        and (
            generatedAlias0.mcu=64604004L 
        ) */ select
            count(interfacee0_.ein_nu_execucao) as col_0_0_ 
        from
            nep_itf_execucao interfacee0_ 
        where
            interfacee0_.itf_nu_interface=78 
            and interfacee0_.org_nu_agencia=64604004
2020-01-20 11:43:34.569 DEBUG 840 --- [XNIO-1 task-3] org.hibernate.SQL                        : 
    /* select
        generatedAlias0 
    from
        InterfaceExecucao as generatedAlias0 
    where
        (
            generatedAlias0.numeroInterface=79 
        ) 
        and (
            generatedAlias0.mcu=64604004L 
        ) 
    order by
        generatedAlias0.dataInicioExecucao desc */ select
            * 
        from
            ( select
                interfacee0_.ein_nu_execucao as ein_nu_execucao1_2_,
                interfacee0_.ein_dh_fim as ein_dh_fim2_2_,
                interfacee0_.ein_dh_inicio as ein_dh_inicio3_2_,
                interfacee0_.org_nu_agencia as org_nu_agencia4_2_,
                interfacee0_.ein_no_arquivo_gerado as ein_no_arquivo_ger5_2_,
                interfacee0_.itf_nu_interface as itf_nu_interface6_2_,
                interfacee0_.ein_qt_linha as ein_qt_linha7_2_,
                interfacee0_.ein_in_status as ein_in_status8_2_ 
            from
                nep_itf_execucao interfacee0_ 
            where
                interfacee0_.itf_nu_interface=79 
                and interfacee0_.org_nu_agencia=64604004 
            order by
                interfacee0_.ein_dh_inicio desc ) 
        where
            rownum <= ?
2020-01-20 11:43:34.648 DEBUG 840 --- [XNIO-1 task-3] org.hibernate.SQL                        : 
    /* select
        count(generatedAlias0) 
    from
        InterfaceExecucao as generatedAlias0 
    where
        (
            generatedAlias0.numeroInterface=79 
        ) 
        and (
            generatedAlias0.mcu=64604004L 
        ) */ select
            count(interfacee0_.ein_nu_execucao) as col_0_0_ 
        from
            nep_itf_execucao interfacee0_ 
        where
            interfacee0_.itf_nu_interface=79 
            and interfacee0_.org_nu_agencia=64604004
2020-01-20 11:43:34.743  INFO 840 --- [XNIO-1 task-3] b.c.c.a.s.s.InterfaceExecucaoService     : InterfaceExecucao: [{"id":1480676,"numeroInterface":78,"statusExecucao":0,"qtdRegistros":0,"dataInicioExecucao":"2019-11-21T22:52:31","dataFimExecucao":"2019-11-21T22:52:33","mcu":64604004},{"id":1480679,"numeroInterface":79,"dataInicioExecucao":"2019-11-21T22:52:47","mcu":64604004}]
2020-01-20 11:43:59.999  INFO 840 --- [scheduling-1] c.c.a.s.s.SaraCaptacaoAutomaticaSchedule : Teste de schedule :: Execution Time - 11:43:59
2020-01-20 11:44:29.670 DEBUG 840 --- [XNIO-1 task-4] org.hibernate.SQL                        : 
    /* select
        generatedAlias0 
    from
        InterfaceExecucao as generatedAlias0 
    where
        (
            generatedAlias0.numeroInterface=78 
        ) 
        and (
            generatedAlias0.mcu=64604004L 
        ) 
    order by
        generatedAlias0.dataInicioExecucao desc */ select
            * 
        from
            ( select
                interfacee0_.ein_nu_execucao as ein_nu_execucao1_2_,
                interfacee0_.ein_dh_fim as ein_dh_fim2_2_,
                interfacee0_.ein_dh_inicio as ein_dh_inicio3_2_,
                interfacee0_.org_nu_agencia as org_nu_agencia4_2_,
                interfacee0_.ein_no_arquivo_gerado as ein_no_arquivo_ger5_2_,
                interfacee0_.itf_nu_interface as itf_nu_interface6_2_,
                interfacee0_.ein_qt_linha as ein_qt_linha7_2_,
                interfacee0_.ein_in_status as ein_in_status8_2_ 
            from
                nep_itf_execucao interfacee0_ 
            where
                interfacee0_.itf_nu_interface=78 
                and interfacee0_.org_nu_agencia=64604004 
            order by
                interfacee0_.ein_dh_inicio desc ) 
        where
            rownum <= ?
2020-01-20 11:44:29.739 DEBUG 840 --- [XNIO-1 task-4] org.hibernate.SQL                        : 
    /* select
        count(generatedAlias0) 
    from
        InterfaceExecucao as generatedAlias0 
    where
        (
            generatedAlias0.numeroInterface=78 
        ) 
        and (
            generatedAlias0.mcu=64604004L 
        ) */ select
            count(interfacee0_.ein_nu_execucao) as col_0_0_ 
        from
            nep_itf_execucao interfacee0_ 
        where
            interfacee0_.itf_nu_interface=78 
            and interfacee0_.org_nu_agencia=64604004
2020-01-20 11:44:29.858 DEBUG 840 --- [XNIO-1 task-4] org.hibernate.SQL                        : 
    /* select
        generatedAlias0 
    from
        InterfaceExecucao as generatedAlias0 
    where
        (
            generatedAlias0.numeroInterface=79 
        ) 
        and (
            generatedAlias0.mcu=64604004L 
        ) 
    order by
        generatedAlias0.dataInicioExecucao desc */ select
            * 
        from
            ( select
                interfacee0_.ein_nu_execucao as ein_nu_execucao1_2_,
                interfacee0_.ein_dh_fim as ein_dh_fim2_2_,
                interfacee0_.ein_dh_inicio as ein_dh_inicio3_2_,
                interfacee0_.org_nu_agencia as org_nu_agencia4_2_,
                interfacee0_.ein_no_arquivo_gerado as ein_no_arquivo_ger5_2_,
                interfacee0_.itf_nu_interface as itf_nu_interface6_2_,
                interfacee0_.ein_qt_linha as ein_qt_linha7_2_,
                interfacee0_.ein_in_status as ein_in_status8_2_ 
            from
                nep_itf_execucao interfacee0_ 
            where
                interfacee0_.itf_nu_interface=79 
                and interfacee0_.org_nu_agencia=64604004 
            order by
                interfacee0_.ein_dh_inicio desc ) 
        where
            rownum <= ?
2020-01-20 11:44:29.927 DEBUG 840 --- [XNIO-1 task-4] org.hibernate.SQL                        : 
    /* select
        count(generatedAlias0) 
    from
        InterfaceExecucao as generatedAlias0 
    where
        (
            generatedAlias0.numeroInterface=79 
        ) 
        and (
            generatedAlias0.mcu=64604004L 
        ) */ select
            count(interfacee0_.ein_nu_execucao) as col_0_0_ 
        from
            nep_itf_execucao interfacee0_ 
        where
            interfacee0_.itf_nu_interface=79 
            and interfacee0_.org_nu_agencia=64604004
2020-01-20 11:44:30.024  INFO 840 --- [XNIO-1 task-4] b.c.c.a.s.s.InterfaceExecucaoService     : InterfaceExecucao: [{"id":1480676,"numeroInterface":78,"statusExecucao":0,"qtdRegistros":0,"dataInicioExecucao":"2019-11-21T22:52:31","dataFimExecucao":"2019-11-21T22:52:33","mcu":64604004},{"id":1480679,"numeroInterface":79,"dataInicioExecucao":"2019-11-21T22:52:47","mcu":64604004}]
2020-01-20 11:45:59.999  INFO 840 --- [scheduling-1] c.c.a.s.s.SaraCaptacaoAutomaticaSchedule : Teste de schedule :: Execution Time - 11:45:59
2020-01-20 11:46:38.704 DEBUG 840 --- [XNIO-1 task-5] org.hibernate.SQL                        : 
    /* select
        generatedAlias0 
    from
        InterfaceExecucao as generatedAlias0 
    where
        (
            generatedAlias0.numeroInterface=78 
        ) 
        and (
            generatedAlias0.mcu=64604004L 
        ) 
    order by
        generatedAlias0.dataInicioExecucao desc */ select
            * 
        from
            ( select
                interfacee0_.ein_nu_execucao as ein_nu_execucao1_2_,
                interfacee0_.ein_dh_fim as ein_dh_fim2_2_,
                interfacee0_.ein_dh_inicio as ein_dh_inicio3_2_,
                interfacee0_.org_nu_agencia as org_nu_agencia4_2_,
                interfacee0_.ein_no_arquivo_gerado as ein_no_arquivo_ger5_2_,
                interfacee0_.itf_nu_interface as itf_nu_interface6_2_,
                interfacee0_.ein_qt_linha as ein_qt_linha7_2_,
                interfacee0_.ein_in_status as ein_in_status8_2_ 
            from
                nep_itf_execucao interfacee0_ 
            where
                interfacee0_.itf_nu_interface=78 
                and interfacee0_.org_nu_agencia=64604004 
            order by
                interfacee0_.ein_dh_inicio desc ) 
        where
            rownum <= ?
2020-01-20 11:46:38.796 DEBUG 840 --- [XNIO-1 task-5] org.hibernate.SQL                        : 
    /* select
        count(generatedAlias0) 
    from
        InterfaceExecucao as generatedAlias0 
    where
        (
            generatedAlias0.numeroInterface=78 
        ) 
        and (
            generatedAlias0.mcu=64604004L 
        ) */ select
            count(interfacee0_.ein_nu_execucao) as col_0_0_ 
        from
            nep_itf_execucao interfacee0_ 
        where
            interfacee0_.itf_nu_interface=78 
            and interfacee0_.org_nu_agencia=64604004
2020-01-20 11:46:38.930 DEBUG 840 --- [XNIO-1 task-5] org.hibernate.SQL                        : 
    /* select
        generatedAlias0 
    from
        InterfaceExecucao as generatedAlias0 
    where
        (
            generatedAlias0.numeroInterface=79 
        ) 
        and (
            generatedAlias0.mcu=64604004L 
        ) 
    order by
        generatedAlias0.dataInicioExecucao desc */ select
            * 
        from
            ( select
                interfacee0_.ein_nu_execucao as ein_nu_execucao1_2_,
                interfacee0_.ein_dh_fim as ein_dh_fim2_2_,
                interfacee0_.ein_dh_inicio as ein_dh_inicio3_2_,
                interfacee0_.org_nu_agencia as org_nu_agencia4_2_,
                interfacee0_.ein_no_arquivo_gerado as ein_no_arquivo_ger5_2_,
                interfacee0_.itf_nu_interface as itf_nu_interface6_2_,
                interfacee0_.ein_qt_linha as ein_qt_linha7_2_,
                interfacee0_.ein_in_status as ein_in_status8_2_ 
            from
                nep_itf_execucao interfacee0_ 
            where
                interfacee0_.itf_nu_interface=79 
                and interfacee0_.org_nu_agencia=64604004 
            order by
                interfacee0_.ein_dh_inicio desc ) 
        where
            rownum <= ?
2020-01-20 11:46:39.016 DEBUG 840 --- [XNIO-1 task-5] org.hibernate.SQL                        : 
    /* select
        count(generatedAlias0) 
    from
        InterfaceExecucao as generatedAlias0 
    where
        (
            generatedAlias0.numeroInterface=79 
        ) 
        and (
            generatedAlias0.mcu=64604004L 
        ) */ select
            count(interfacee0_.ein_nu_execucao) as col_0_0_ 
        from
            nep_itf_execucao interfacee0_ 
        where
            interfacee0_.itf_nu_interface=79 
            and interfacee0_.org_nu_agencia=64604004
2020-01-20 11:46:39.149  INFO 840 --- [XNIO-1 task-5] b.c.c.a.s.s.InterfaceExecucaoService     : InterfaceExecucao: [{"id":1480676,"numeroInterface":78,"statusExecucao":0,"qtdRegistros":0,"dataInicioExecucao":"2019-11-21T22:52:31","dataFimExecucao":"2019-11-21T22:52:33","mcu":64604004},{"id":1480679,"numeroInterface":79,"dataInicioExecucao":"2019-11-21T22:52:47","mcu":64604004}]
2020-01-20 11:47:59.999  INFO 840 --- [scheduling-1] c.c.a.s.s.SaraCaptacaoAutomaticaSchedule : Teste de schedule :: Execution Time - 11:47:59
2020-01-20 11:49:59.997  INFO 840 --- [scheduling-1] c.c.a.s.s.SaraCaptacaoAutomaticaSchedule : Teste de schedule :: Execution Time - 11:49:59
2020-01-20 11:52:00.000  INFO 840 --- [scheduling-1] c.c.a.s.s.SaraCaptacaoAutomaticaSchedule : Teste de schedule :: Execution Time - 11:52:00
2020-01-20 11:54:00.001  INFO 840 --- [scheduling-1] c.c.a.s.s.SaraCaptacaoAutomaticaSchedule : Teste de schedule :: Execution Time - 11:54:00
2020-01-20 11:56:00.001  INFO 840 --- [scheduling-1] c.c.a.s.s.SaraCaptacaoAutomaticaSchedule : Teste de schedule :: Execution Time - 11:56:00
2020-01-20 11:58:00.000  INFO 840 --- [scheduling-1] c.c.a.s.s.SaraCaptacaoAutomaticaSchedule : Teste de schedule :: Execution Time - 11:58:00
2020-01-20 12:00:00.001  INFO 840 --- [scheduling-1] c.c.a.s.s.SaraCaptacaoAutomaticaSchedule : Teste de schedule :: Execution Time - 12:00:00
2020-01-20 12:01:59.999  INFO 840 --- [scheduling-1] c.c.a.s.s.SaraCaptacaoAutomaticaSchedule : Teste de schedule :: Execution Time - 12:01:59
2020-01-20 12:04:00.030  INFO 840 --- [scheduling-1] c.c.a.s.s.SaraCaptacaoAutomaticaSchedule : Teste de schedule :: Execution Time - 12:04:00
2020-01-20 12:06:00.002  INFO 840 --- [scheduling-1] c.c.a.s.s.SaraCaptacaoAutomaticaSchedule : Teste de schedule :: Execution Time - 12:06:00
2020-01-20 12:08:00.002  INFO 840 --- [scheduling-1] c.c.a.s.s.SaraCaptacaoAutomaticaSchedule : Teste de schedule :: Execution Time - 12:08:00
2020-01-20 12:10:00.001  INFO 840 --- [scheduling-1] c.c.a.s.s.SaraCaptacaoAutomaticaSchedule : Teste de schedule :: Execution Time - 12:10:00
2020-01-20 12:12:00.000  INFO 840 --- [scheduling-1] c.c.a.s.s.SaraCaptacaoAutomaticaSchedule : Teste de schedule :: Execution Time - 12:12:00
2020-01-20 12:14:00.007  INFO 840 --- [scheduling-1] c.c.a.s.s.SaraCaptacaoAutomaticaSchedule : Teste de schedule :: Execution Time - 12:14:00
2020-01-20 12:15:59.999  INFO 840 --- [scheduling-1] c.c.a.s.s.SaraCaptacaoAutomaticaSchedule : Teste de schedule :: Execution Time - 12:15:59
2020-01-20 12:17:59.999  INFO 840 --- [scheduling-1] c.c.a.s.s.SaraCaptacaoAutomaticaSchedule : Teste de schedule :: Execution Time - 12:17:59
2020-01-20 12:19:59.998  INFO 840 --- [scheduling-1] c.c.a.s.s.SaraCaptacaoAutomaticaSchedule : Teste de schedule :: Execution Time - 12:19:59
2020-01-20 12:22:00.001  INFO 840 --- [scheduling-1] c.c.a.s.s.SaraCaptacaoAutomaticaSchedule : Teste de schedule :: Execution Time - 12:22:00
2020-01-20 12:23:59.998  INFO 840 --- [scheduling-1] c.c.a.s.s.SaraCaptacaoAutomaticaSchedule : Teste de schedule :: Execution Time - 12:23:59
2020-01-20 12:26:00.000  INFO 840 --- [scheduling-1] c.c.a.s.s.SaraCaptacaoAutomaticaSchedule : Teste de schedule :: Execution Time - 12:26:00
2020-01-20 12:28:00.010  INFO 840 --- [scheduling-1] c.c.a.s.s.SaraCaptacaoAutomaticaSchedule : Teste de schedule :: Execution Time - 12:28:00
2020-01-20 12:30:00.001  INFO 840 --- [scheduling-1] c.c.a.s.s.SaraCaptacaoAutomaticaSchedule : Teste de schedule :: Execution Time - 12:30:00
2020-01-20 12:31:59.998  INFO 840 --- [scheduling-1] c.c.a.s.s.SaraCaptacaoAutomaticaSchedule : Teste de schedule :: Execution Time - 12:31:59
2020-01-20 12:33:59.999  INFO 840 --- [scheduling-1] c.c.a.s.s.SaraCaptacaoAutomaticaSchedule : Teste de schedule :: Execution Time - 12:33:59
2020-01-20 12:35:59.998  INFO 840 --- [scheduling-1] c.c.a.s.s.SaraCaptacaoAutomaticaSchedule : Teste de schedule :: Execution Time - 12:35:59
2020-01-20 12:37:59.999  INFO 840 --- [scheduling-1] c.c.a.s.s.SaraCaptacaoAutomaticaSchedule : Teste de schedule :: Execution Time - 12:37:59
2020-01-20 12:40:00.003  INFO 840 --- [scheduling-1] c.c.a.s.s.SaraCaptacaoAutomaticaSchedule : Teste de schedule :: Execution Time - 12:40:00
2020-01-20 12:41:59.998  INFO 840 --- [scheduling-1] c.c.a.s.s.SaraCaptacaoAutomaticaSchedule : Teste de schedule :: Execution Time - 12:41:59
2020-01-20 12:44:00.001  INFO 840 --- [scheduling-1] c.c.a.s.s.SaraCaptacaoAutomaticaSchedule : Teste de schedule :: Execution Time - 12:44:00
2020-01-20 12:46:00.002  INFO 840 --- [scheduling-1] c.c.a.s.s.SaraCaptacaoAutomaticaSchedule : Teste de schedule :: Execution Time - 12:46:00
2020-01-20 12:47:59.998  INFO 840 --- [scheduling-1] c.c.a.s.s.SaraCaptacaoAutomaticaSchedule : Teste de schedule :: Execution Time - 12:47:59
2020-01-20 12:49:59.998  INFO 840 --- [scheduling-1] c.c.a.s.s.SaraCaptacaoAutomaticaSchedule : Teste de schedule :: Execution Time - 12:49:59
2020-01-20 12:52:00.000  INFO 840 --- [scheduling-1] c.c.a.s.s.SaraCaptacaoAutomaticaSchedule : Teste de schedule :: Execution Time - 12:52:00
2020-01-20 12:54:00.001  INFO 840 --- [scheduling-1] c.c.a.s.s.SaraCaptacaoAutomaticaSchedule : Teste de schedule :: Execution Time - 12:54:00
2020-01-20 12:56:00.006  INFO 840 --- [scheduling-1] c.c.a.s.s.SaraCaptacaoAutomaticaSchedule : Teste de schedule :: Execution Time - 12:56:00
2020-01-20 12:58:00.001  INFO 840 --- [scheduling-1] c.c.a.s.s.SaraCaptacaoAutomaticaSchedule : Teste de schedule :: Execution Time - 12:58:00
2020-01-20 13:00:00.001  INFO 840 --- [scheduling-1] c.c.a.s.s.SaraCaptacaoAutomaticaSchedule : Teste de schedule :: Execution Time - 13:00:00
2020-01-20 13:02:00.000  INFO 840 --- [scheduling-1] c.c.a.s.s.SaraCaptacaoAutomaticaSchedule : Teste de schedule :: Execution Time - 13:02:00
2020-01-20 13:03:59.999  INFO 840 --- [scheduling-1] c.c.a.s.s.SaraCaptacaoAutomaticaSchedule : Teste de schedule :: Execution Time - 13:03:59
2020-01-20 13:05:59.999  INFO 840 --- [scheduling-1] c.c.a.s.s.SaraCaptacaoAutomaticaSchedule : Teste de schedule :: Execution Time - 13:05:59
2020-01-20 13:08:00.011  INFO 840 --- [scheduling-1] c.c.a.s.s.SaraCaptacaoAutomaticaSchedule : Teste de schedule :: Execution Time - 13:08:00
2020-01-20 13:10:00.000  INFO 840 --- [scheduling-1] c.c.a.s.s.SaraCaptacaoAutomaticaSchedule : Teste de schedule :: Execution Time - 13:10:00
2020-01-20 13:12:00.000  INFO 840 --- [scheduling-1] c.c.a.s.s.SaraCaptacaoAutomaticaSchedule : Teste de schedule :: Execution Time - 13:12:00
2020-01-20 13:13:59.999  INFO 840 --- [scheduling-1] c.c.a.s.s.SaraCaptacaoAutomaticaSchedule : Teste de schedule :: Execution Time - 13:13:59
2020-01-20 13:16:00.000  INFO 840 --- [scheduling-1] c.c.a.s.s.SaraCaptacaoAutomaticaSchedule : Teste de schedule :: Execution Time - 13:16:00
2020-01-20 13:17:59.998  INFO 840 --- [scheduling-1] c.c.a.s.s.SaraCaptacaoAutomaticaSchedule : Teste de schedule :: Execution Time - 13:17:59
2020-01-20 13:19:59.999  INFO 840 --- [scheduling-1] c.c.a.s.s.SaraCaptacaoAutomaticaSchedule : Teste de schedule :: Execution Time - 13:19:59
2020-01-20 13:22:00.005  INFO 840 --- [scheduling-1] c.c.a.s.s.SaraCaptacaoAutomaticaSchedule : Teste de schedule :: Execution Time - 13:22:00
2020-01-20 13:24:00.001  INFO 840 --- [scheduling-1] c.c.a.s.s.SaraCaptacaoAutomaticaSchedule : Teste de schedule :: Execution Time - 13:24:00
2020-01-20 13:25:59.998  INFO 840 --- [scheduling-1] c.c.a.s.s.SaraCaptacaoAutomaticaSchedule : Teste de schedule :: Execution Time - 13:25:59
2020-01-20 13:27:59.999  INFO 840 --- [scheduling-1] c.c.a.s.s.SaraCaptacaoAutomaticaSchedule : Teste de schedule :: Execution Time - 13:27:59
2020-01-20 13:30:00.000  INFO 840 --- [scheduling-1] c.c.a.s.s.SaraCaptacaoAutomaticaSchedule : Teste de schedule :: Execution Time - 13:30:00
2020-01-20 13:31:59.998  INFO 840 --- [scheduling-1] c.c.a.s.s.SaraCaptacaoAutomaticaSchedule : Teste de schedule :: Execution Time - 13:31:59
2020-01-20 13:33:59.999  INFO 840 --- [scheduling-1] c.c.a.s.s.SaraCaptacaoAutomaticaSchedule : Teste de schedule :: Execution Time - 13:33:59
2020-01-20 13:36:00.000  INFO 840 --- [scheduling-1] c.c.a.s.s.SaraCaptacaoAutomaticaSchedule : Teste de schedule :: Execution Time - 13:36:00
2020-01-20 13:38:00.000  INFO 840 --- [scheduling-1] c.c.a.s.s.SaraCaptacaoAutomaticaSchedule : Teste de schedule :: Execution Time - 13:38:00
2020-01-20 13:39:59.999  INFO 840 --- [scheduling-1] c.c.a.s.s.SaraCaptacaoAutomaticaSchedule : Teste de schedule :: Execution Time - 13:39:59
2020-01-20 13:42:00.005  INFO 840 --- [scheduling-1] c.c.a.s.s.SaraCaptacaoAutomaticaSchedule : Teste de schedule :: Execution Time - 13:42:00
2020-01-20 13:43:59.999  INFO 840 --- [scheduling-1] c.c.a.s.s.SaraCaptacaoAutomaticaSchedule : Teste de schedule :: Execution Time - 13:43:59
2020-01-20 13:45:59.999  INFO 840 --- [scheduling-1] c.c.a.s.s.SaraCaptacaoAutomaticaSchedule : Teste de schedule :: Execution Time - 13:45:59
2020-01-20 13:47:59.998  INFO 840 --- [scheduling-1] c.c.a.s.s.SaraCaptacaoAutomaticaSchedule : Teste de schedule :: Execution Time - 13:47:59
2020-01-20 13:50:00.010  INFO 840 --- [scheduling-1] c.c.a.s.s.SaraCaptacaoAutomaticaSchedule : Teste de schedule :: Execution Time - 13:50:00
2020-01-20 13:52:00.001  INFO 840 --- [scheduling-1] c.c.a.s.s.SaraCaptacaoAutomaticaSchedule : Teste de schedule :: Execution Time - 13:52:00
2020-01-20 13:53:59.999  INFO 840 --- [scheduling-1] c.c.a.s.s.SaraCaptacaoAutomaticaSchedule : Teste de schedule :: Execution Time - 13:53:59
2020-01-20 13:55:59.999  INFO 840 --- [scheduling-1] c.c.a.s.s.SaraCaptacaoAutomaticaSchedule : Teste de schedule :: Execution Time - 13:55:59
2020-01-20 13:58:00.010  INFO 840 --- [scheduling-1] c.c.a.s.s.SaraCaptacaoAutomaticaSchedule : Teste de schedule :: Execution Time - 13:58:00
2020-01-20 13:59:59.999  INFO 840 --- [scheduling-1] c.c.a.s.s.SaraCaptacaoAutomaticaSchedule : Teste de schedule :: Execution Time - 13:59:59
2020-01-20 14:02:00.000  INFO 840 --- [scheduling-1] c.c.a.s.s.SaraCaptacaoAutomaticaSchedule : Teste de schedule :: Execution Time - 14:02:00
2020-01-20 14:04:00.000  INFO 840 --- [scheduling-1] c.c.a.s.s.SaraCaptacaoAutomaticaSchedule : Teste de schedule :: Execution Time - 14:04:00
2020-01-20 14:06:00.006  INFO 840 --- [scheduling-1] c.c.a.s.s.SaraCaptacaoAutomaticaSchedule : Teste de schedule :: Execution Time - 14:06:00
2020-01-20 14:08:00.006  INFO 840 --- [scheduling-1] c.c.a.s.s.SaraCaptacaoAutomaticaSchedule : Teste de schedule :: Execution Time - 14:08:00
2020-01-20 14:09:59.999  INFO 840 --- [scheduling-1] c.c.a.s.s.SaraCaptacaoAutomaticaSchedule : Teste de schedule :: Execution Time - 14:09:59
2020-01-20 14:11:59.999  INFO 840 --- [scheduling-1] c.c.a.s.s.SaraCaptacaoAutomaticaSchedule : Teste de schedule :: Execution Time - 14:11:59
2020-01-20 14:14:00.001  INFO 840 --- [scheduling-1] c.c.a.s.s.SaraCaptacaoAutomaticaSchedule : Teste de schedule :: Execution Time - 14:14:00
2020-01-20 14:15:59.999  INFO 840 --- [scheduling-1] c.c.a.s.s.SaraCaptacaoAutomaticaSchedule : Teste de schedule :: Execution Time - 14:15:59
2020-01-20 14:17:59.998  INFO 840 --- [scheduling-1] c.c.a.s.s.SaraCaptacaoAutomaticaSchedule : Teste de schedule :: Execution Time - 14:17:59
2020-01-20 14:20:00.015  INFO 840 --- [scheduling-1] c.c.a.s.s.SaraCaptacaoAutomaticaSchedule : Teste de schedule :: Execution Time - 14:20:00
2020-01-20 14:22:00.011  INFO 840 --- [scheduling-1] c.c.a.s.s.SaraCaptacaoAutomaticaSchedule : Teste de schedule :: Execution Time - 14:22:00
2020-01-20 14:23:59.999  INFO 840 --- [scheduling-1] c.c.a.s.s.SaraCaptacaoAutomaticaSchedule : Teste de schedule :: Execution Time - 14:23:59
2020-01-20 14:25:59.999  INFO 840 --- [scheduling-1] c.c.a.s.s.SaraCaptacaoAutomaticaSchedule : Teste de schedule :: Execution Time - 14:25:59
2020-01-20 14:28:00.000  INFO 840 --- [scheduling-1] c.c.a.s.s.SaraCaptacaoAutomaticaSchedule : Teste de schedule :: Execution Time - 14:28:00
2020-01-20 14:30:00.000  INFO 840 --- [scheduling-1] c.c.a.s.s.SaraCaptacaoAutomaticaSchedule : Teste de schedule :: Execution Time - 14:30:00
2020-01-20 14:31:59.998  INFO 840 --- [scheduling-1] c.c.a.s.s.SaraCaptacaoAutomaticaSchedule : Teste de schedule :: Execution Time - 14:31:59
2020-01-20 14:33:59.999  INFO 840 --- [scheduling-1] c.c.a.s.s.SaraCaptacaoAutomaticaSchedule : Teste de schedule :: Execution Time - 14:33:59
2020-01-20 14:35:59.998  INFO 840 --- [scheduling-1] c.c.a.s.s.SaraCaptacaoAutomaticaSchedule : Teste de schedule :: Execution Time - 14:35:59
2020-01-20 14:37:59.999  INFO 840 --- [scheduling-1] c.c.a.s.s.SaraCaptacaoAutomaticaSchedule : Teste de schedule :: Execution Time - 14:37:59
2020-01-20 14:40:00.001  INFO 840 --- [scheduling-1] c.c.a.s.s.SaraCaptacaoAutomaticaSchedule : Teste de schedule :: Execution Time - 14:40:00
2020-01-20 14:42:00.000  INFO 840 --- [scheduling-1] c.c.a.s.s.SaraCaptacaoAutomaticaSchedule : Teste de schedule :: Execution Time - 14:42:00
2020-01-20 14:44:00.000  INFO 840 --- [scheduling-1] c.c.a.s.s.SaraCaptacaoAutomaticaSchedule : Teste de schedule :: Execution Time - 14:44:00
2020-01-20 14:46:00.001  INFO 840 --- [scheduling-1] c.c.a.s.s.SaraCaptacaoAutomaticaSchedule : Teste de schedule :: Execution Time - 14:46:00
2020-01-20 14:47:59.999  INFO 840 --- [scheduling-1] c.c.a.s.s.SaraCaptacaoAutomaticaSchedule : Teste de schedule :: Execution Time - 14:47:59
2020-01-20 14:50:00.000  INFO 840 --- [scheduling-1] c.c.a.s.s.SaraCaptacaoAutomaticaSchedule : Teste de schedule :: Execution Time - 14:50:00
2020-01-20 14:51:59.999  INFO 840 --- [scheduling-1] c.c.a.s.s.SaraCaptacaoAutomaticaSchedule : Teste de schedule :: Execution Time - 14:51:59
2020-01-20 14:53:59.999  INFO 840 --- [scheduling-1] c.c.a.s.s.SaraCaptacaoAutomaticaSchedule : Teste de schedule :: Execution Time - 14:53:59
2020-01-20 14:56:00.006  INFO 840 --- [scheduling-1] c.c.a.s.s.SaraCaptacaoAutomaticaSchedule : Teste de schedule :: Execution Time - 14:56:00
2020-01-20 14:57:59.999  INFO 840 --- [scheduling-1] c.c.a.s.s.SaraCaptacaoAutomaticaSchedule : Teste de schedule :: Execution Time - 14:57:59
2020-01-20 15:00:00.000  INFO 840 --- [scheduling-1] c.c.a.s.s.SaraCaptacaoAutomaticaSchedule : Teste de schedule :: Execution Time - 15:00:00
2020-01-20 15:01:59.999  INFO 840 --- [scheduling-1] c.c.a.s.s.SaraCaptacaoAutomaticaSchedule : Teste de schedule :: Execution Time - 15:01:59
2020-01-20 15:03:59.999  INFO 840 --- [scheduling-1] c.c.a.s.s.SaraCaptacaoAutomaticaSchedule : Teste de schedule :: Execution Time - 15:03:59
2020-01-20 15:06:00.000  INFO 840 --- [scheduling-1] c.c.a.s.s.SaraCaptacaoAutomaticaSchedule : Teste de schedule :: Execution Time - 15:06:00
2020-01-20 15:08:00.000  INFO 840 --- [scheduling-1] c.c.a.s.s.SaraCaptacaoAutomaticaSchedule : Teste de schedule :: Execution Time - 15:08:00
2020-01-20 15:10:00.001  INFO 840 --- [scheduling-1] c.c.a.s.s.SaraCaptacaoAutomaticaSchedule : Teste de schedule :: Execution Time - 15:10:00
2020-01-20 15:12:00.000  INFO 840 --- [scheduling-1] c.c.a.s.s.SaraCaptacaoAutomaticaSchedule : Teste de schedule :: Execution Time - 15:12:00
2020-01-20 15:14:00.005  INFO 840 --- [scheduling-1] c.c.a.s.s.SaraCaptacaoAutomaticaSchedule : Teste de schedule :: Execution Time - 15:14:00
2020-01-20 15:15:59.999  INFO 840 --- [scheduling-1] c.c.a.s.s.SaraCaptacaoAutomaticaSchedule : Teste de schedule :: Execution Time - 15:15:59
2020-01-20 15:17:59.998  INFO 840 --- [scheduling-1] c.c.a.s.s.SaraCaptacaoAutomaticaSchedule : Teste de schedule :: Execution Time - 15:17:59
2020-01-20 15:20:00.001  INFO 840 --- [scheduling-1] c.c.a.s.s.SaraCaptacaoAutomaticaSchedule : Teste de schedule :: Execution Time - 15:20:00
2020-01-20 15:22:00.000  INFO 840 --- [scheduling-1] c.c.a.s.s.SaraCaptacaoAutomaticaSchedule : Teste de schedule :: Execution Time - 15:22:00
2020-01-20 15:24:00.001  INFO 840 --- [scheduling-1] c.c.a.s.s.SaraCaptacaoAutomaticaSchedule : Teste de schedule :: Execution Time - 15:24:00
2020-01-20 15:25:59.999  INFO 840 --- [scheduling-1] c.c.a.s.s.SaraCaptacaoAutomaticaSchedule : Teste de schedule :: Execution Time - 15:25:59
2020-01-20 15:28:00.001  INFO 840 --- [scheduling-1] c.c.a.s.s.SaraCaptacaoAutomaticaSchedule : Teste de schedule :: Execution Time - 15:28:00
2020-01-20 15:30:00.000  INFO 840 --- [scheduling-1] c.c.a.s.s.SaraCaptacaoAutomaticaSchedule : Teste de schedule :: Execution Time - 15:30:00
2020-01-20 15:32:00.000  INFO 840 --- [scheduling-1] c.c.a.s.s.SaraCaptacaoAutomaticaSchedule : Teste de schedule :: Execution Time - 15:32:00
2020-01-20 15:33:59.998  INFO 840 --- [scheduling-1] c.c.a.s.s.SaraCaptacaoAutomaticaSchedule : Teste de schedule :: Execution Time - 15:33:59
2020-01-20 15:35:59.998  INFO 840 --- [scheduling-1] c.c.a.s.s.SaraCaptacaoAutomaticaSchedule : Teste de schedule :: Execution Time - 15:35:59
2020-01-20 15:37:59.999  INFO 840 --- [scheduling-1] c.c.a.s.s.SaraCaptacaoAutomaticaSchedule : Teste de schedule :: Execution Time - 15:37:59
2020-01-20 15:40:00.000  INFO 840 --- [scheduling-1] c.c.a.s.s.SaraCaptacaoAutomaticaSchedule : Teste de schedule :: Execution Time - 15:40:00
2020-01-20 15:42:00.009  INFO 840 --- [scheduling-1] c.c.a.s.s.SaraCaptacaoAutomaticaSchedule : Teste de schedule :: Execution Time - 15:42:00
2020-01-20 15:44:00.007  INFO 840 --- [scheduling-1] c.c.a.s.s.SaraCaptacaoAutomaticaSchedule : Teste de schedule :: Execution Time - 15:44:00
2020-01-20 15:46:00.001  INFO 840 --- [scheduling-1] c.c.a.s.s.SaraCaptacaoAutomaticaSchedule : Teste de schedule :: Execution Time - 15:46:00
2020-01-20 15:47:59.999  INFO 840 --- [scheduling-1] c.c.a.s.s.SaraCaptacaoAutomaticaSchedule : Teste de schedule :: Execution Time - 15:47:59
2020-01-20 15:49:59.998  INFO 840 --- [scheduling-1] c.c.a.s.s.SaraCaptacaoAutomaticaSchedule : Teste de schedule :: Execution Time - 15:49:59
2020-01-20 15:52:00.001  INFO 840 --- [scheduling-1] c.c.a.s.s.SaraCaptacaoAutomaticaSchedule : Teste de schedule :: Execution Time - 15:52:00
2020-01-20 15:53:59.999  INFO 840 --- [scheduling-1] c.c.a.s.s.SaraCaptacaoAutomaticaSchedule : Teste de schedule :: Execution Time - 15:53:59
2020-01-20 15:56:00.001  INFO 840 --- [scheduling-1] c.c.a.s.s.SaraCaptacaoAutomaticaSchedule : Teste de schedule :: Execution Time - 15:56:00
2020-01-20 15:58:00.000  INFO 840 --- [scheduling-1] c.c.a.s.s.SaraCaptacaoAutomaticaSchedule : Teste de schedule :: Execution Time - 15:58:00
2020-01-20 16:00:00.000  INFO 840 --- [scheduling-1] c.c.a.s.s.SaraCaptacaoAutomaticaSchedule : Teste de schedule :: Execution Time - 16:00:00
2020-01-20 16:02:00.007  INFO 840 --- [scheduling-1] c.c.a.s.s.SaraCaptacaoAutomaticaSchedule : Teste de schedule :: Execution Time - 16:02:00
2020-01-20 16:03:59.999  INFO 840 --- [scheduling-1] c.c.a.s.s.SaraCaptacaoAutomaticaSchedule : Teste de schedule :: Execution Time - 16:03:59
2020-01-20 16:06:00.000  INFO 840 --- [scheduling-1] c.c.a.s.s.SaraCaptacaoAutomaticaSchedule : Teste de schedule :: Execution Time - 16:06:00
2020-01-20 16:08:00.000  INFO 840 --- [scheduling-1] c.c.a.s.s.SaraCaptacaoAutomaticaSchedule : Teste de schedule :: Execution Time - 16:08:00
2020-01-20 16:09:59.999  INFO 840 --- [scheduling-1] c.c.a.s.s.SaraCaptacaoAutomaticaSchedule : Teste de schedule :: Execution Time - 16:09:59
2020-01-20 16:11:59.999  INFO 840 --- [scheduling-1] c.c.a.s.s.SaraCaptacaoAutomaticaSchedule : Teste de schedule :: Execution Time - 16:11:59
2020-01-20 16:13:59.999  INFO 840 --- [scheduling-1] c.c.a.s.s.SaraCaptacaoAutomaticaSchedule : Teste de schedule :: Execution Time - 16:13:59
2020-01-20 16:15:59.999  INFO 840 --- [scheduling-1] c.c.a.s.s.SaraCaptacaoAutomaticaSchedule : Teste de schedule :: Execution Time - 16:15:59
2020-01-20 16:18:00.001  INFO 840 --- [scheduling-1] c.c.a.s.s.SaraCaptacaoAutomaticaSchedule : Teste de schedule :: Execution Time - 16:18:00
2020-01-20 16:20:00.000  INFO 840 --- [scheduling-1] c.c.a.s.s.SaraCaptacaoAutomaticaSchedule : Teste de schedule :: Execution Time - 16:20:00
2020-01-20 16:22:00.006  INFO 840 --- [scheduling-1] c.c.a.s.s.SaraCaptacaoAutomaticaSchedule : Teste de schedule :: Execution Time - 16:22:00
2020-01-20 16:24:00.007  INFO 840 --- [scheduling-1] c.c.a.s.s.SaraCaptacaoAutomaticaSchedule : Teste de schedule :: Execution Time - 16:24:00
2020-01-20 16:26:00.001  INFO 840 --- [scheduling-1] c.c.a.s.s.SaraCaptacaoAutomaticaSchedule : Teste de schedule :: Execution Time - 16:26:00
2020-01-20 16:27:59.999  INFO 840 --- [scheduling-1] c.c.a.s.s.SaraCaptacaoAutomaticaSchedule : Teste de schedule :: Execution Time - 16:27:59
2020-01-20 16:29:59.999  INFO 840 --- [scheduling-1] c.c.a.s.s.SaraCaptacaoAutomaticaSchedule : Teste de schedule :: Execution Time - 16:29:59
2020-01-20 16:32:00.001  INFO 840 --- [scheduling-1] c.c.a.s.s.SaraCaptacaoAutomaticaSchedule : Teste de schedule :: Execution Time - 16:32:00
2020-01-20 16:34:00.006  INFO 840 --- [scheduling-1] c.c.a.s.s.SaraCaptacaoAutomaticaSchedule : Teste de schedule :: Execution Time - 16:34:00
2020-01-20 16:35:59.999  INFO 840 --- [scheduling-1] c.c.a.s.s.SaraCaptacaoAutomaticaSchedule : Teste de schedule :: Execution Time - 16:35:59
2020-01-20 16:38:00.005  INFO 840 --- [scheduling-1] c.c.a.s.s.SaraCaptacaoAutomaticaSchedule : Teste de schedule :: Execution Time - 16:38:00
2020-01-20 16:40:00.001  INFO 840 --- [scheduling-1] c.c.a.s.s.SaraCaptacaoAutomaticaSchedule : Teste de schedule :: Execution Time - 16:40:00
2020-01-20 16:42:00.000  INFO 840 --- [scheduling-1] c.c.a.s.s.SaraCaptacaoAutomaticaSchedule : Teste de schedule :: Execution Time - 16:41:59
2020-01-20 16:43:59.998  INFO 840 --- [scheduling-1] c.c.a.s.s.SaraCaptacaoAutomaticaSchedule : Teste de schedule :: Execution Time - 16:43:59
2020-01-20 16:46:00.001  INFO 840 --- [scheduling-1] c.c.a.s.s.SaraCaptacaoAutomaticaSchedule : Teste de schedule :: Execution Time - 16:46:00
2020-01-20 16:48:00.000  INFO 840 --- [scheduling-1] c.c.a.s.s.SaraCaptacaoAutomaticaSchedule : Teste de schedule :: Execution Time - 16:48:00
2020-01-20 16:49:59.999  INFO 840 --- [scheduling-1] c.c.a.s.s.SaraCaptacaoAutomaticaSchedule : Teste de schedule :: Execution Time - 16:49:59
2020-01-20 16:52:00.005  INFO 840 --- [scheduling-1] c.c.a.s.s.SaraCaptacaoAutomaticaSchedule : Teste de schedule :: Execution Time - 16:52:00
2020-01-20 16:54:00.006  INFO 840 --- [scheduling-1] c.c.a.s.s.SaraCaptacaoAutomaticaSchedule : Teste de schedule :: Execution Time - 16:54:00
2020-01-20 16:55:59.998  INFO 840 --- [scheduling-1] c.c.a.s.s.SaraCaptacaoAutomaticaSchedule : Teste de schedule :: Execution Time - 16:55:59
2020-01-20 16:57:59.999  INFO 840 --- [scheduling-1] c.c.a.s.s.SaraCaptacaoAutomaticaSchedule : Teste de schedule :: Execution Time - 16:57:59
2020-01-20 17:00:00.000  INFO 840 --- [scheduling-1] c.c.a.s.s.SaraCaptacaoAutomaticaSchedule : Teste de schedule :: Execution Time - 17:00:00
